2023-11-06 15:36:53,619 [INFO] Activator:176 - 


2023-11-06 15:36:53,632 [INFO] Activator:177 - !SESSION log4j initialized
2023-11-06 15:37:00,837 [INFO] LogOutputStream:77 - [STDOUT_REDIRECT] 
2023-11-06 15:37:07,128 [INFO] ApplicationProperties:184 - Using Application install path: C:\ST\STM32CubeIDE_1.13.1\STM32CubeIDE\plugins\com.st.stm32cube.common.mx_6.9.1.202307191849
2023-11-06 15:37:07,145 [INFO] DbMcusXml:78 - Set database path to: C:\ST\STM32CubeIDE_1.13.1\STM32CubeIDE\plugins\com.st.stm32cube.common.mx_6.9.1.202307191849\\db\/mcu/
2023-11-06 15:37:07,146 [INFO] ApiDb:274 - Set plugin database path to: C:\ST\STM32CubeIDE_1.13.1\STM32CubeIDE\plugins\com.st.stm32cube.common.mx_6.9.1.202307191849\\db\/plugins/boardmanager/
2023-11-06 15:37:07,147 [WARN] ApiDb:259 - Overriding images path with different value:  => C:\ST\STM32CubeIDE_1.13.1\STM32CubeIDE\plugins\com.st.stm32cube.common.mx_6.9.1.202307191849\\db\/plugins/mcufinder/images/
2023-11-06 15:37:08,397 [WARN] ApiFinderProperties:113 - C:\Users\juntch\.stmcufinder\plugins\mcufinder\mcu\mcuFinder.mfd doesn't exist
2023-11-06 15:37:08,398 [INFO] ApiDb:250 - Set database path to: C:\Users\juntch\.stmcufinder\plugins\mcufinder//mcu/
2023-11-06 15:37:08,400 [INFO] DbMcusAds:125 - Set database path to: C:\Users\juntch\.stmcufinder\plugins\mcufinder//mcu/
2023-11-06 15:37:08,403 [INFO] CrossReferenceDbSqlite:203 - Set database path to: C:\Users\juntch\.stmcufinder\plugins\mcufinder//mcu/cs/
2023-11-06 15:37:08,528 [INFO] RulesReader:64 - Compatibility file has been processed (293 Rules)
2023-11-06 15:37:08,615 [INFO] DbMcusXml:78 - Set database path to: C:\ST\STM32CubeIDE_1.13.1\STM32CubeIDE\plugins\com.st.stm32cube.common.mx_6.9.1.202307191849\\db\/mcu/
2023-11-06 15:37:08,616 [INFO] ApiDb:274 - Set plugin database path to: C:\ST\STM32CubeIDE_1.13.1\STM32CubeIDE\plugins\com.st.stm32cube.common.mx_6.9.1.202307191849\\db\/plugins/boardmanager/
2023-11-06 15:37:08,616 [INFO] ApiDb:261 - Set plugin images path to: C:\ST\STM32CubeIDE_1.13.1\STM32CubeIDE\plugins\com.st.stm32cube.common.mx_6.9.1.202307191849\\db\/plugins/mcufinder/images/
2023-11-06 15:37:08,617 [WARN] DbFile:41 - Overriding database path with different value: C:\Users\juntch\.stmcufinder\plugins\mcufinder/ => C:\Users\juntch\.stmcufinder\plugins\mcufinder
2023-11-06 15:37:08,617 [INFO] ApiDb:250 - Set database path to: C:\Users\juntch\.stmcufinder\plugins\mcufinder//mcu/
2023-11-06 15:37:08,618 [WARN] DbFile:41 - Overriding database path with different value: C:\Users\juntch\.stmcufinder\plugins\mcufinder/ => C:\Users\juntch\.stmcufinder\plugins\mcufinder
2023-11-06 15:37:08,618 [INFO] DbMcusAds:125 - Set database path to: C:\Users\juntch\.stmcufinder\plugins\mcufinder//mcu/
2023-11-06 15:37:08,619 [WARN] DbFile:41 - Overriding database path with different value: C:\Users\juntch\.stmcufinder\plugins\mcufinder/ => C:\Users\juntch\.stmcufinder\plugins\mcufinder
2023-11-06 15:37:08,619 [WARN] DbFile:41 - Overriding database path with different value: C:\Users\juntch\.stmcufinder\plugins\mcufinder/ => C:\Users\juntch\.stmcufinder\plugins\mcufinder
2023-11-06 15:37:08,620 [INFO] CrossReferenceDbSqlite:203 - Set database path to: C:\Users\juntch\.stmcufinder\plugins\mcufinder//mcu/cs/
2023-11-06 15:37:08,689 [INFO] MainPanel:262 - HeapMemory: 268435456
2023-11-06 15:37:08,758 [INFO] DbMcusXml:78 - Set database path to: C:\ST\STM32CubeIDE_1.13.1\STM32CubeIDE\plugins\com.st.stm32cube.common.mx_6.9.1.202307191849\\db\/mcu/
2023-11-06 15:37:08,758 [INFO] ApiDb:274 - Set plugin database path to: C:\ST\STM32CubeIDE_1.13.1\STM32CubeIDE\plugins\com.st.stm32cube.common.mx_6.9.1.202307191849\\db\/plugins/boardmanager/
2023-11-06 15:37:08,759 [INFO] ApiDb:261 - Set plugin images path to: C:\ST\STM32CubeIDE_1.13.1\STM32CubeIDE\plugins\com.st.stm32cube.common.mx_6.9.1.202307191849\\db\/plugins/mcufinder/images/
2023-11-06 15:37:08,759 [WARN] DbFile:41 - Overriding database path with different value: C:\Users\juntch\.stmcufinder\plugins\mcufinder/ => C:\Users\juntch\.stmcufinder\plugins\mcufinder
2023-11-06 15:37:08,760 [INFO] ApiDb:250 - Set database path to: C:\Users\juntch\.stmcufinder\plugins\mcufinder//mcu/
2023-11-06 15:37:08,760 [WARN] DbFile:41 - Overriding database path with different value: C:\Users\juntch\.stmcufinder\plugins\mcufinder/ => C:\Users\juntch\.stmcufinder\plugins\mcufinder
2023-11-06 15:37:08,761 [INFO] DbMcusAds:125 - Set database path to: C:\Users\juntch\.stmcufinder\plugins\mcufinder//mcu/
2023-11-06 15:37:08,761 [WARN] DbFile:41 - Overriding database path with different value: C:\Users\juntch\.stmcufinder\plugins\mcufinder/ => C:\Users\juntch\.stmcufinder\plugins\mcufinder
2023-11-06 15:37:08,761 [WARN] DbFile:41 - Overriding database path with different value: C:\Users\juntch\.stmcufinder\plugins\mcufinder/ => C:\Users\juntch\.stmcufinder\plugins\mcufinder
2023-11-06 15:37:08,762 [INFO] CrossReferenceDbSqlite:203 - Set database path to: C:\Users\juntch\.stmcufinder\plugins\mcufinder//mcu/cs/
2023-11-06 15:37:08,778 [INFO] ApplicationProperties:184 - Using Application install path: C:\ST\STM32CubeIDE_1.13.1\STM32CubeIDE\plugins\com.st.stm32cube.common.mx_6.9.1.202307191849
2023-11-06 15:37:08,781 [INFO] PluginManage:196 - Search for loadable plugins [exclusion list=, ]
2023-11-06 15:37:08,782 [INFO] PluginManage:310 - Check plugin analytics
2023-11-06 15:37:08,934 [INFO] AnalyticsPlugin:253 - Accepted Software Licenses: 
2023-11-06 15:37:08,935 [INFO] AnalyticsPlugin:255 - Accepted CMSIS Pack Licenses: 
2023-11-06 15:37:08,935 [INFO] AnalyticsPlugin:257 - Accepted Firmware Licenses: 
2023-11-06 15:37:08,939 [INFO] PluginManage:359 - Loaded plugin analytics (category:tool,tabindex:-1)
2023-11-06 15:37:08,941 [INFO] PluginManage:310 - Check plugin cadmodel
2023-11-06 15:37:08,953 [INFO] CADModel:105 - Init CAD model plugin
2023-11-06 15:37:08,954 [INFO] PluginManage:359 - Loaded plugin cadmodel (category:power,tabindex:5)
2023-11-06 15:37:08,954 [INFO] PluginManage:310 - Check plugin clock
2023-11-06 15:37:08,972 [INFO] PluginManage:359 - Loaded plugin clock (category:base,tabindex:2)
2023-11-06 15:37:08,973 [INFO] PluginManage:310 - Check plugin ddr
2023-11-06 15:37:08,975 [INFO] PluginManage:359 - Loaded plugin ddr (category:tool,tabindex:6)
2023-11-06 15:37:08,976 [INFO] PluginManage:310 - Check plugin filemanager
2023-11-06 15:37:09,128 [INFO] PluginManage:359 - Loaded plugin filemanager (category:base,tabindex:10)
2023-11-06 15:37:09,129 [INFO] PluginManage:310 - Check plugin ipmanager
2023-11-06 15:37:09,137 [INFO] PluginManage:359 - Loaded plugin ipmanager (category:base,tabindex:5)
2023-11-06 15:37:09,138 [INFO] PluginManage:310 - Check plugin lpbam
2023-11-06 15:37:09,158 [INFO] PluginManage:359 - Loaded plugin lpbam (category:base,tabindex:0)
2023-11-06 15:37:09,159 [INFO] PluginManage:310 - Check plugin memorymap
2023-11-06 15:37:09,179 [INFO] PluginManage:359 - Loaded plugin memorymap (category:base,tabindex:4)
2023-11-06 15:37:09,180 [INFO] PluginManage:310 - Check plugin pinoutandconfiguration
2023-11-06 15:37:09,197 [INFO] PluginManage:359 - Loaded plugin pinoutandconfiguration (category:base,tabindex:1)
2023-11-06 15:37:09,197 [INFO] PluginManage:310 - Check plugin pinoutconfig
2023-11-06 15:37:09,280 [WARN] SupportedApi:132 - Cannot load RTOS API schema: s4s-elt-must-match.1: The content of 'definitions' must match (annotation?, (simpleType | complexType)?, (unique | key | keyref)*)). A problem was found starting at: attribute.
2023-11-06 15:37:09,397 [INFO] PluginManage:359 - Loaded plugin pinoutconfig (category:base,tabindex:0)
2023-11-06 15:37:09,398 [INFO] PluginManage:310 - Check plugin power
2023-11-06 15:37:09,412 [INFO] PluginManage:359 - Loaded plugin power (category:power,tabindex:4)
2023-11-06 15:37:09,412 [INFO] PluginManage:310 - Check plugin projectmanager
2023-11-06 15:37:09,425 [INFO] PluginManage:359 - Loaded plugin projectmanager (category:projectmanager,tabindex:3)
2023-11-06 15:37:09,425 [INFO] PluginManage:310 - Check plugin thirdparty
2023-11-06 15:37:09,632 [INFO] PluginManage:359 - Loaded plugin thirdparty (category:base,tabindex:-1)
2023-11-06 15:37:09,632 [WARN] IntegrityCheckThread:84 - waiting for thirdparty lock release [integrity check]
2023-11-06 15:37:09,633 [INFO] PluginManage:310 - Check plugin tools
2023-11-06 15:37:09,633 [INFO] IntegrityCheckThread:86 - entering critical section [integrity check]
2023-11-06 15:37:09,634 [INFO] ThirdPartyUpdaterWithRetryManager:70 - Updater plugin not ready yet. [1/15]
2023-11-06 15:37:09,664 [INFO] PluginManage:359 - Loaded plugin tools (category:base,tabindex:7)
2023-11-06 15:37:09,664 [INFO] PluginManage:310 - Check plugin tutovideos
2023-11-06 15:37:09,817 [INFO] PluginManage:359 - Loaded plugin tutovideos (category:base,tabindex:-1)
2023-11-06 15:37:09,818 [INFO] PluginManage:310 - Check plugin updater
2023-11-06 15:37:09,829 [INFO] PluginManage:359 - Loaded plugin updater (category:base,tabindex:12)
2023-11-06 15:37:09,830 [INFO] PluginManage:310 - Check plugin userauth
2023-11-06 15:37:09,835 [INFO] UserAuth:113 - Init User Auth plugin
2023-11-06 15:37:09,836 [INFO] PluginManage:359 - Loaded plugin userauth (category:base,tabindex:14)
2023-11-06 15:37:09,837 [INFO] PluginManage:283 - PluginManage : Loaded plugins [17]
2023-11-06 15:37:10,036 [INFO] PinOutPanel:1499 - setPackage(No Configuration,No Configuration)
2023-11-06 15:37:10,160 [INFO] CADModel:165 - CPN selected for project level
2023-11-06 15:37:10,161 [INFO] CADModel:114 - Register for checkConnection events
2023-11-06 15:37:10,188 [INFO] IPUIPlugin:80 - create IPUIPlugin
2023-11-06 15:37:10,189 [INFO] PluginManager:220 - loadIPPluginJar : add adc
2023-11-06 15:37:10,241 [INFO] IPUIPlugin:80 - create IPUIPlugin
2023-11-06 15:37:10,242 [INFO] PluginManager:220 - loadIPPluginJar : add aes
2023-11-06 15:37:10,290 [INFO] IPUIPlugin:80 - create IPUIPlugin
2023-11-06 15:37:10,291 [INFO] PluginManager:220 - loadIPPluginJar : add can
2023-11-06 15:37:10,315 [INFO] IPUIPlugin:80 - create IPUIPlugin
2023-11-06 15:37:10,316 [INFO] PluginManager:220 - loadIPPluginJar : add comp
2023-11-06 15:37:10,350 [INFO] IPUIPlugin:80 - create IPUIPlugin
2023-11-06 15:37:10,351 [INFO] PluginManager:220 - loadIPPluginJar : add cryp
2023-11-06 15:37:10,383 [INFO] IPUIPlugin:80 - create IPUIPlugin
2023-11-06 15:37:10,384 [INFO] PluginManager:220 - loadIPPluginJar : add dfsdm
2023-11-06 15:37:10,398 [INFO] IPUIPlugin:80 - create IPUIPlugin
2023-11-06 15:37:10,399 [INFO] PluginManager:220 - loadIPPluginJar : add dma
2023-11-06 15:37:10,449 [INFO] IPUIPlugin:80 - create IPUIPlugin
2023-11-06 15:37:10,449 [INFO] PluginManager:220 - loadIPPluginJar : add dma3
2023-11-06 15:37:10,473 [INFO] IPUIPlugin:80 - create IPUIPlugin
2023-11-06 15:37:10,473 [INFO] PluginManager:220 - loadIPPluginJar : add fatfs
2023-11-06 15:37:10,521 [INFO] IPUIPlugin:80 - create IPUIPlugin
2023-11-06 15:37:10,521 [INFO] PluginManager:220 - loadIPPluginJar : add fmc
2023-11-06 15:37:10,536 [INFO] IPUIPlugin:80 - create IPUIPlugin
2023-11-06 15:37:10,536 [INFO] PluginManager:220 - loadIPPluginJar : add freertos
2023-11-06 15:37:10,557 [INFO] IPUIPlugin:80 - create IPUIPlugin
2023-11-06 15:37:10,557 [INFO] PluginManager:220 - loadIPPluginJar : add genericplugin
2023-11-06 15:37:10,653 [INFO] IPUIPlugin:80 - create IPUIPlugin
2023-11-06 15:37:10,654 [INFO] PluginManager:220 - loadIPPluginJar : add gfxmmu
2023-11-06 15:37:10,785 [INFO] IPUIPlugin:80 - create IPUIPlugin
2023-11-06 15:37:10,785 [INFO] PluginManager:220 - loadIPPluginJar : add gic
2023-11-06 15:37:10,796 [INFO] IPUIPlugin:80 - create IPUIPlugin
2023-11-06 15:37:10,796 [INFO] PluginManager:220 - loadIPPluginJar : add gpio
2023-11-06 15:37:10,878 [INFO] IPUIPlugin:80 - create IPUIPlugin
2023-11-06 15:37:10,879 [INFO] PluginManager:220 - loadIPPluginJar : add gtzc
2023-11-06 15:37:10,911 [INFO] IPUIPlugin:80 - create IPUIPlugin
2023-11-06 15:37:10,912 [INFO] PluginManager:220 - loadIPPluginJar : add hash
2023-11-06 15:37:10,959 [INFO] IPUIPlugin:80 - create IPUIPlugin
2023-11-06 15:37:10,960 [INFO] PluginManager:220 - loadIPPluginJar : add i2c
2023-11-06 15:37:10,994 [INFO] IPUIPlugin:80 - create IPUIPlugin
2023-11-06 15:37:10,994 [INFO] PluginManager:220 - loadIPPluginJar : add i2s
2023-11-06 15:37:11,029 [INFO] IPUIPlugin:80 - create IPUIPlugin
2023-11-06 15:37:11,030 [INFO] PluginManager:220 - loadIPPluginJar : add i3c
2023-11-06 15:37:11,123 [INFO] IPUIPlugin:80 - create IPUIPlugin
2023-11-06 15:37:11,124 [INFO] PluginManager:220 - loadIPPluginJar : add ipddr
2023-11-06 15:37:11,204 [INFO] IPUIPlugin:80 - create IPUIPlugin
2023-11-06 15:37:11,205 [INFO] PluginManager:220 - loadIPPluginJar : add linkedlist
2023-11-06 15:37:11,235 [INFO] IPUIPlugin:80 - create IPUIPlugin
2023-11-06 15:37:11,236 [INFO] PluginManager:220 - loadIPPluginJar : add lorawan
2023-11-06 15:37:11,265 [INFO] IPUIPlugin:80 - create IPUIPlugin
2023-11-06 15:37:11,266 [INFO] PluginManager:220 - loadIPPluginJar : add ltdc
2023-11-06 15:37:11,278 [INFO] IPUIPlugin:80 - create IPUIPlugin
2023-11-06 15:37:11,278 [INFO] PluginManager:220 - loadIPPluginJar : add mdma
2023-11-06 15:37:11,288 [INFO] IPUIPlugin:80 - create IPUIPlugin
2023-11-06 15:37:11,289 [INFO] PluginManager:220 - loadIPPluginJar : add nvic
2023-11-06 15:37:11,321 [INFO] IPUIPlugin:80 - create IPUIPlugin
2023-11-06 15:37:11,321 [INFO] PluginManager:220 - loadIPPluginJar : add opamp
2023-11-06 15:37:11,381 [INFO] IPUIPlugin:80 - create IPUIPlugin
2023-11-06 15:37:11,382 [INFO] PluginManager:220 - loadIPPluginJar : add openamp
2023-11-06 15:37:11,424 [INFO] IPUIPlugin:80 - create IPUIPlugin
2023-11-06 15:37:11,425 [INFO] PluginManager:220 - loadIPPluginJar : add pdm2pcm
2023-11-06 15:37:11,439 [INFO] IPUIPlugin:80 - create IPUIPlugin
2023-11-06 15:37:11,443 [INFO] PluginManager:220 - loadIPPluginJar : add plateformsettings
2023-11-06 15:37:11,462 [INFO] IPUIPlugin:80 - create IPUIPlugin
2023-11-06 15:37:11,463 [INFO] PluginManager:220 - loadIPPluginJar : add quadspi
2023-11-06 15:37:11,475 [INFO] IPUIPlugin:80 - create IPUIPlugin
2023-11-06 15:37:11,476 [INFO] PluginManager:220 - loadIPPluginJar : add resmgrutility
2023-11-06 15:37:11,521 [INFO] IPUIPlugin:80 - create IPUIPlugin
2023-11-06 15:37:11,522 [INFO] PluginManager:220 - loadIPPluginJar : add sai
2023-11-06 15:37:11,553 [INFO] IPUIPlugin:80 - create IPUIPlugin
2023-11-06 15:37:11,554 [INFO] PluginManager:220 - loadIPPluginJar : add spi
2023-11-06 15:37:11,605 [INFO] IPUIPlugin:80 - create IPUIPlugin
2023-11-06 15:37:11,605 [INFO] PluginManager:220 - loadIPPluginJar : add stm32_wpan
2023-11-06 15:37:11,625 [INFO] IPUIPlugin:80 - create IPUIPlugin
2023-11-06 15:37:11,625 [INFO] PluginManager:220 - loadIPPluginJar : add tim
2023-11-06 15:37:11,675 [INFO] IPUIPlugin:80 - create IPUIPlugin
2023-11-06 15:37:11,675 [INFO] PluginManager:220 - loadIPPluginJar : add touchsensing
2023-11-06 15:37:11,694 [INFO] IPUIPlugin:80 - create IPUIPlugin
2023-11-06 15:37:11,694 [INFO] PluginManager:220 - loadIPPluginJar : add tracer_emb
2023-11-06 15:37:11,714 [INFO] IPUIPlugin:80 - create IPUIPlugin
2023-11-06 15:37:11,715 [INFO] PluginManager:220 - loadIPPluginJar : add ts
2023-11-06 15:37:11,734 [INFO] IPUIPlugin:80 - create IPUIPlugin
2023-11-06 15:37:11,735 [INFO] PluginManager:220 - loadIPPluginJar : add tsc
2023-11-06 15:37:11,754 [INFO] IPUIPlugin:80 - create IPUIPlugin
2023-11-06 15:37:11,754 [INFO] PluginManager:220 - loadIPPluginJar : add ucpd
2023-11-06 15:37:11,793 [INFO] IPUIPlugin:80 - create IPUIPlugin
2023-11-06 15:37:11,794 [INFO] PluginManager:220 - loadIPPluginJar : add usart
2023-11-06 15:37:11,831 [INFO] IPUIPlugin:80 - create IPUIPlugin
2023-11-06 15:37:11,831 [INFO] PluginManager:220 - loadIPPluginJar : add usbx
2023-11-06 15:37:11,951 [INFO] CADModel:165 - CPN selected for project level
2023-11-06 15:37:11,951 [INFO] CADModel:114 - Register for checkConnection events
2023-11-06 15:37:11,952 [FATAL] Updater:308 - Updater called before beeing initialized
2023-11-06 15:37:11,953 [ERROR] CADModel:125 - Updater not yet initialized, retry later 
2023-11-06 15:37:12,055 [INFO] CADModel:165 - CPN selected for project level
2023-11-06 15:37:12,056 [INFO] CADModel:114 - Register for checkConnection events
2023-11-06 15:37:12,056 [FATAL] Updater:308 - Updater called before beeing initialized
2023-11-06 15:37:12,057 [ERROR] CADModel:125 - Updater not yet initialized, retry later 
2023-11-06 15:37:12,060 [FATAL] Updater:308 - Updater called before beeing initialized
2023-11-06 15:37:12,154 [FATAL] Updater:308 - Updater called before beeing initialized
2023-11-06 15:37:12,158 [INFO] DbMcusAds:53 - JSON generation date=Thu Sep 30 02:55:09 EDT 2021 (1632984909247)
2023-11-06 15:37:12,159 [FATAL] Updater:308 - Updater called before beeing initialized
2023-11-06 15:37:12,223 [WARN] DetailPanel:346 - Failed to get advertising image, set to default
2023-11-06 15:37:12,314 [FATAL] Updater:308 - Updater called before beeing initialized
2023-11-06 15:37:12,316 [FATAL] Updater:308 - Updater called before beeing initialized
2023-11-06 15:37:12,316 [FATAL] Updater:308 - Updater called before beeing initialized
2023-11-06 15:37:12,317 [WARN] DetailPanel:346 - Failed to get advertising image, set to default
2023-11-06 15:37:12,318 [FATAL] Updater:308 - Updater called before beeing initialized
2023-11-06 15:37:12,372 [ERROR] Updater:1120 - MainUpdater not yet initialized. External WinMGr cannot be set.
2023-11-06 15:37:12,382 [INFO] Updater:1056 - Updater Version found : 6.9.1
2023-11-06 15:37:12,401 [INFO] ApplicationProperties:184 - Using Application install path: C:\ST\STM32CubeIDE_1.13.1\STM32CubeIDE\plugins\com.st.stm32cube.common.mx_6.9.1.202307191849
2023-11-06 15:37:12,432 [INFO] MainUpdater:521 - Copy updater definitions from MX database
2023-11-06 15:37:12,458 [INFO] MainUpdater:554 - Copy flag file definitions from MX database
2023-11-06 15:37:12,460 [INFO] MainUpdater:570 - Copy thirdparty index definitions from MX database
2023-11-06 15:37:12,461 [INFO] MainUpdater:589 - Copy default thirdparty db definitions from MX database
2023-11-06 15:37:12,617 [INFO] MainUpdater:2868 - connection check result : 10
2023-11-06 15:37:12,618 [INFO] MainUpdater:3562 - Updater definition file requires update
2023-11-06 15:37:12,619 [INFO] MainUpdater:285 - Updater Check For Update Now.
2023-11-06 15:37:12,620 [INFO] MicroXplorer:498 - Change Database Version : DB.6.0.91
2023-11-06 15:37:12,635 [WARN] MainUpdater:1189 - Updater busy. Cannot search thirdparties
2023-11-06 15:37:12,636 [INFO] ThirdPartyUpdaterWithRetryManager:96 - Updater plugin is busy. [1/15]
2023-11-06 15:37:12,637 [INFO] McuFinderGlobals:63 - Set McuFinder mode to 2 (CubeIDE integrated)
2023-11-06 15:37:12,637 [INFO] UserAuth:179 - activating auth plugin
2023-11-06 15:37:12,643 [INFO] UserAuth:393 - Internet connection configuration mode: 1
2023-11-06 15:37:12,646 [INFO] ServerAccessManage:473 - Download File updaters.zip
2023-11-06 15:37:12,657 [INFO] JxBrowserEngine:151 - Initiate JxBrowser Engine with user profile folder
2023-11-06 15:37:12,724 [INFO] FileExtend:240 - Unzip File : updaters.zip
2023-11-06 15:37:12,724 [INFO] FileExtend:255 - Standard Zip Deflate
2023-11-06 15:37:12,990 [INFO] ServerAccessManage:473 - Download File PacksControlFlags.xml
2023-11-06 15:37:13,139 [INFO] ServerAccessManage:473 - Download File cubemx.pidx
2023-11-06 15:37:13,270 [INFO] ServerAccessManage:473 - Download File STMicroelectronics.FP-ATR-ASTRA1.pdsc
2023-11-06 15:37:13,379 [INFO] ServerAccessManage:473 - Download File STMicroelectronics.FP-ATR-SIGFOX1.pdsc
2023-11-06 15:37:13,426 [INFO] ServerAccessManage:473 - Download File STMicroelectronics.FP-SNS-FLIGHT1.pdsc
2023-11-06 15:37:13,502 [INFO] ServerAccessManage:473 - Download File STMicroelectronics.FP-SNS-MOTENV1.pdsc
2023-11-06 15:37:13,581 [INFO] ServerAccessManage:473 - Download File STMicroelectronics.FP-SNS-SMARTAG2.pdsc
2023-11-06 15:37:13,631 [INFO] ServerAccessManage:473 - Download File STMicroelectronics.X-CUBE-AI.pdsc
2023-11-06 15:37:14,003 [INFO] ServerAccessManage:473 - Download File STMicroelectronics.X-CUBE-ALS.pdsc
2023-11-06 15:37:14,072 [INFO] ServerAccessManage:473 - Download File STMicroelectronics.X-CUBE-BLE1.pdsc
2023-11-06 15:37:14,862 [ERROR] ServerAccessManage:1089 - Problem, file not found on Server
2023-11-06 15:37:14,876 [INFO] ServerAccessManage:473 - Download File STMicroelectronics.X-CUBE-BLE2.pdsc
2023-11-06 15:37:15,228 [INFO] ServerAccessManage:473 - Download File STMicroelectronics.X-CUBE-BLEMGR.pdsc
2023-11-06 15:37:15,558 [INFO] ServerAccessManage:473 - Download File STMicroelectronics.X-CUBE-DISPLAY.pdsc
2023-11-06 15:37:15,638 [WARN] MainUpdater:1189 - Updater busy. Cannot search thirdparties
2023-11-06 15:37:15,638 [INFO] ThirdPartyUpdaterWithRetryManager:96 - Updater plugin is busy. [2/15]
2023-11-06 15:37:15,725 [INFO] ServerAccessManage:473 - Download File STMicroelectronics.X-CUBE-EEPRMA1.pdsc
2023-11-06 15:37:16,296 [ERROR] ServerAccessManage:1089 - Problem, file not found on Server
2023-11-06 15:37:16,430 [INFO] ServerAccessManage:473 - Download File STMicroelectronics.X-CUBE-FREERTOS.pdsc
2023-11-06 15:37:16,534 [INFO] ServerAccessManage:473 - Download File STMicroelectronics.X-CUBE-GNSS1.pdsc
2023-11-06 15:37:17,240 [ERROR] ServerAccessManage:1089 - Problem, file not found on Server
2023-11-06 15:37:17,711 [ERROR] ServerAccessManage:1089 - Problem, file not found on Server
2023-11-06 15:37:18,123 [ERROR] ServerAccessManage:1089 - Problem, file not found on Server
2023-11-06 15:37:18,299 [ERROR] ServerAccessManage:1089 - Problem, file not found on Server
2023-11-06 15:37:18,552 [INFO] WebApp:157 - Instantiating new browser for Auth
2023-11-06 15:37:18,642 [WARN] MainUpdater:1189 - Updater busy. Cannot search thirdparties
2023-11-06 15:37:18,642 [INFO] ThirdPartyUpdaterWithRetryManager:96 - Updater plugin is busy. [3/15]
2023-11-06 15:37:18,686 [ERROR] ServerAccessManage:1089 - Problem, file not found on Server
2023-11-06 15:37:19,053 [INFO] WebApp:753 - Register for checkConnection events
2023-11-06 15:37:19,053 [INFO] WebApp:390 - Apply proxy settings
2023-11-06 15:37:19,054 [INFO] WebApp:475 - Chromium requires no authentication
2023-11-06 15:37:19,062 [INFO] WebApp:418 - Direct internet connection detected
2023-11-06 15:37:19,161 [ERROR] ServerAccessManage:1089 - Problem, file not found on Server
2023-11-06 15:37:19,181 [INFO] ServerAccessManage:473 - Download File STMicroelectronics.X-CUBE-ISPU.pdsc
2023-11-06 15:37:19,222 [INFO] WebApp:188 - Starting web application
2023-11-06 15:37:19,222 [INFO] WebApp:520 - Web application path used C:\ST\STM32CubeIDE_1.13.1\STM32CubeIDE\plugins\com.st.stm32cube.common.mx_6.9.1.202307191849\db\plugins\mcufinder\reactClient1\index.html
2023-11-06 15:37:19,354 [INFO] ServerAccessManage:473 - Download File STMicroelectronics.X-CUBE-MEMS1.pdsc
2023-11-06 15:37:21,315 [INFO] ServerAccessManage:473 - Download File STMicroelectronics.X-CUBE-NFC4.pdsc
2023-11-06 15:37:21,643 [WARN] MainUpdater:1189 - Updater busy. Cannot search thirdparties
2023-11-06 15:37:21,643 [INFO] ThirdPartyUpdaterWithRetryManager:96 - Updater plugin is busy. [4/15]
2023-11-06 15:37:21,972 [INFO] ServerAccessManage:473 - Download File STMicroelectronics.X-CUBE-NFC6.pdsc
2023-11-06 15:37:22,067 [INFO] ServerAccessManage:473 - Download File STMicroelectronics.X-CUBE-NFC7.pdsc
2023-11-06 15:37:22,199 [INFO] ServerAccessManage:473 - Download File STMicroelectronics.X-CUBE-SFXS2LP1.pdsc
2023-11-06 15:37:22,409 [INFO] ServerAccessManage:473 - Download File STMicroelectronics.X-CUBE-SUBG2.pdsc
2023-11-06 15:37:22,823 [INFO] ServerAccessManage:473 - Download File STMicroelectronics.X-CUBE-SMBUS.pdsc
2023-11-06 15:37:23,320 [ERROR] ServerAccessManage:1089 - Problem, file not found on Server
2023-11-06 15:37:23,347 [INFO] ServerAccessManage:473 - Download File STMicroelectronics.X-CUBE-TOF1.pdsc
2023-11-06 15:37:23,996 [ERROR] ServerAccessManage:1089 - Problem, file not found on Server
2023-11-06 15:37:24,056 [INFO] ServerAccessManage:473 - Download File STMicroelectronics.X-CUBE-TOUCHGFX.pdsc
2023-11-06 15:37:24,481 [INFO] ServerAccessManage:473 - Download File STMicroelectronics.X-CUBE-ALGOBUILD.pdsc
2023-11-06 15:37:24,610 [INFO] ServerAccessManage:473 - Download File STMicroelectronics.X-CUBE-AZRTOS-H7.pdsc
2023-11-06 15:37:24,645 [WARN] MainUpdater:1189 - Updater busy. Cannot search thirdparties
2023-11-06 15:37:24,645 [INFO] ThirdPartyUpdaterWithRetryManager:96 - Updater plugin is busy. [5/15]
2023-11-06 15:37:24,784 [INFO] ServerAccessManage:473 - Download File STMicroelectronics.X-CUBE-AZRTOS-F4.pdsc
2023-11-06 15:37:24,925 [INFO] ServerAccessManage:473 - Download File STMicroelectronics.X-CUBE-AZRTOS-F7.pdsc
2023-11-06 15:37:25,066 [INFO] ServerAccessManage:473 - Download File STMicroelectronics.X-CUBE-AZRTOS-L4.pdsc
2023-11-06 15:37:25,204 [INFO] ServerAccessManage:473 - Download File STMicroelectronics.X-CUBE-AZRTOS-L5.pdsc
2023-11-06 15:37:25,381 [INFO] ServerAccessManage:473 - Download File STMicroelectronics.X-CUBE-AZRTOS-G0.pdsc
2023-11-06 15:37:25,519 [INFO] ServerAccessManage:473 - Download File STMicroelectronics.X-CUBE-AZRTOS-G4.pdsc
2023-11-06 15:37:25,694 [INFO] ServerAccessManage:473 - Download File STMicroelectronics.X-CUBE-AZRTOS-WB.pdsc
2023-11-06 15:37:25,830 [INFO] ServerAccessManage:473 - Download File STMicroelectronics.X-CUBE-AZRTOS-WL.pdsc
2023-11-06 15:37:26,051 [INFO] ServerAccessManage:473 - Download File wolfSSL.I-CUBE-wolfSSL.pdsc
2023-11-06 15:37:27,126 [ERROR] ServerAccessManage:1089 - Problem, file not found on Server
2023-11-06 15:37:27,360 [ERROR] ServerAccessManage:1089 - Problem, file not found on Server
2023-11-06 15:37:27,596 [ERROR] ServerAccessManage:1089 - Problem, file not found on Server
2023-11-06 15:37:27,647 [WARN] MainUpdater:1189 - Updater busy. Cannot search thirdparties
2023-11-06 15:37:27,647 [INFO] ThirdPartyUpdaterWithRetryManager:96 - Updater plugin is busy. [6/15]
2023-11-06 15:37:27,731 [ERROR] ServerAccessManage:1096 - Problem, Http access forbiden
2023-11-06 15:37:27,733 [ERROR] ServerAccessManage:651 - Problem, Http access forbiden : RoweBots.I-CUBE-UNISONRTOS.pdsc.
2023-11-06 15:37:28,080 [ERROR] ServerAccessManage:1172 - Problem during Server Connection :  IO error PKIX path building failed: sun.security.provider.certpath.SunCertPathBuilderException: unable to find valid certification path to requested target
2023-11-06 15:37:28,081 [ERROR] ServerAccessManage:651 - Problem during Server Connection :  : SEGGER.I-CUBE-embOS.pdsc.
2023-11-06 15:37:28,876 [INFO] ServerAccessManage:473 - Download File portGmbH.I-Cube-SoM-uGOAL.pdsc
2023-11-06 15:37:29,941 [ERROR] ServerAccessManage:1089 - Problem, file not found on Server
2023-11-06 15:37:30,049 [ERROR] ServerAccessManage:1089 - Problem, file not found on Server
2023-11-06 15:37:30,152 [ERROR] ServerAccessManage:1089 - Problem, file not found on Server
2023-11-06 15:37:30,648 [WARN] MainUpdater:1189 - Updater busy. Cannot search thirdparties
2023-11-06 15:37:30,648 [INFO] ThirdPartyUpdaterWithRetryManager:96 - Updater plugin is busy. [7/15]
2023-11-06 15:37:30,702 [INFO] ServerAccessManage:473 - Download File emotas.I-CUBE-CANOPEN.pdsc
2023-11-06 15:37:31,349 [INFO] ServerAccessManage:473 - Download File WES.I-CUBE-Cesium.pdsc
2023-11-06 15:37:32,218 [ERROR] ServerAccessManage:1089 - Problem, file not found on Server
2023-11-06 15:37:32,566 [ERROR] ServerAccessManage:1089 - Problem, file not found on Server
2023-11-06 15:37:32,789 [INFO] ServerAccessManage:473 - Download File ITTIA_DB.I-CUBE-ITTIADB.pdsc
2023-11-06 15:37:33,649 [WARN] MainUpdater:1189 - Updater busy. Cannot search thirdparties
2023-11-06 15:37:33,652 [INFO] ThirdPartyUpdaterWithRetryManager:96 - Updater plugin is busy. [8/15]
2023-11-06 15:37:33,680 [INFO] ServerAccessManage:473 - Download File Infineon.AIROC-Wi-Fi-Bluetooth-STM32.pdsc
2023-11-06 15:37:34,098 [WARN] PackLoader:240 - Cannot read IP mode file for STMicroelectronics.FP-ATR-ASTRA1.2.0.0
2023-11-06 15:37:34,104 [WARN] PackLoader:240 - Cannot read IP mode file for STMicroelectronics.FP-ATR-SIGFOX1.3.2.0
2023-11-06 15:37:34,109 [WARN] PackLoader:240 - Cannot read IP mode file for STMicroelectronics.FP-SNS-FLIGHT1.5.0.2
2023-11-06 15:37:34,115 [WARN] PackLoader:240 - Cannot read IP mode file for STMicroelectronics.FP-SNS-MOTENV1.4.3.2
2023-11-06 15:37:34,127 [WARN] PackLoader:240 - Cannot read IP mode file for STMicroelectronics.FP-SNS-SMARTAG2.1.2.0
2023-11-06 15:37:34,131 [WARN] CheckServerUpdateThread:151 - Open CheckUpdateFile Fail
2023-11-06 15:37:34,132 [WARN] PackLoader:240 - Cannot read IP mode file for STMicroelectronics.X-CUBE-AI.8.1.0
2023-11-06 15:37:34,146 [WARN] PackLoader:240 - Cannot read IP mode file for STMicroelectronics.X-CUBE-ALS.1.0.1
2023-11-06 15:37:34,152 [WARN] PackLoader:240 - Cannot read IP mode file for STMicroelectronics.X-CUBE-BLE1.7.0.0
2023-11-06 15:37:34,157 [WARN] PackLoader:240 - Cannot read IP mode file for STMicroelectronics.X-CUBE-BLE2.3.3.0
2023-11-06 15:37:34,166 [WARN] PackLoader:240 - Cannot read IP mode file for STMicroelectronics.X-CUBE-BLEMGR.3.0.0
2023-11-06 15:37:34,177 [WARN] PackLoader:240 - Cannot read IP mode file for STMicroelectronics.X-CUBE-DISPLAY.3.0.0
2023-11-06 15:37:34,184 [WARN] PackLoader:240 - Cannot read IP mode file for STMicroelectronics.X-CUBE-EEPRMA1.4.2.0
2023-11-06 15:37:34,190 [WARN] PackLoader:240 - Cannot read IP mode file for STMicroelectronics.X-CUBE-FREERTOS.1.1.0
2023-11-06 15:37:34,195 [WARN] PackLoader:240 - Cannot read IP mode file for STMicroelectronics.X-CUBE-GNSS1.6.0.0
2023-11-06 15:37:34,200 [WARN] PackLoader:240 - Cannot read IP mode file for STMicroelectronics.X-CUBE-ISPU.1.1.0
2023-11-06 15:37:34,244 [WARN] PackLoader:240 - Cannot read IP mode file for STMicroelectronics.X-CUBE-MEMS1.10.0.0
2023-11-06 15:37:34,289 [INFO] CheckServerUpdateThread:120 - End of CheckServer Thread
2023-11-06 15:37:34,367 [WARN] PackLoader:240 - Cannot read IP mode file for STMicroelectronics.X-CUBE-NFC4.3.0.0
2023-11-06 15:37:34,373 [WARN] PackLoader:240 - Cannot read IP mode file for STMicroelectronics.X-CUBE-NFC6.3.0.0
2023-11-06 15:37:34,378 [WARN] PackLoader:240 - Cannot read IP mode file for STMicroelectronics.X-CUBE-NFC7.1.0.1
2023-11-06 15:37:34,384 [WARN] PackLoader:240 - Cannot read IP mode file for STMicroelectronics.X-CUBE-SFXS2LP1.4.0.0
2023-11-06 15:37:34,391 [WARN] PackLoader:240 - Cannot read IP mode file for STMicroelectronics.X-CUBE-SUBG2.5.0.0
2023-11-06 15:37:34,398 [WARN] PackLoader:240 - Cannot read IP mode file for STMicroelectronics.X-CUBE-SMBUS.2.1.0
2023-11-06 15:37:34,415 [WARN] PackLoader:240 - Cannot read IP mode file for STMicroelectronics.X-CUBE-TOF1.3.3.1
2023-11-06 15:37:34,426 [WARN] PackLoader:240 - Cannot read IP mode file for STMicroelectronics.X-CUBE-TOUCHGFX.4.22.1
2023-11-06 15:37:34,431 [WARN] PackLoader:240 - Cannot read IP mode file for STMicroelectronics.X-CUBE-ALGOBUILD.1.3.0
2023-11-06 15:37:34,442 [WARN] ConditionMgr:438 - getConditionDescription Invalid condition id : UX DEVICE CLASS RTOS Condition cause : null
2023-11-06 15:37:34,443 [WARN] ConditionMgr:438 - getConditionDescription Invalid condition id : UX DEVICE CLASS RTOS Condition cause : null
2023-11-06 15:37:34,446 [WARN] PackLoader:240 - Cannot read IP mode file for STMicroelectronics.X-CUBE-AZRTOS-H7.3.1.0
2023-11-06 15:37:34,447 [WARN] ConditionMgr:1039 - genDependencies : Invalid condition id : UX DEVICE CLASS RTOS Condition cause : null
2023-11-06 15:37:34,447 [WARN] ConditionMgr:1039 - genDependencies : Invalid condition id : UX DEVICE CLASS RTOS Condition cause : null
2023-11-06 15:37:34,449 [WARN] ConditionMgr:1039 - genDependencies : Invalid condition id : UX DEVICE CLASS RTOS Condition cause : null
2023-11-06 15:37:34,449 [WARN] ConditionMgr:1039 - genDependencies : Invalid condition id : UX DEVICE CLASS RTOS Condition cause : null
2023-11-06 15:37:34,450 [WARN] ConditionMgr:1039 - genDependencies : Invalid condition id : UX DEVICE CLASS RTOS Condition cause : null
2023-11-06 15:37:34,468 [WARN] PackLoader:240 - Cannot read IP mode file for STMicroelectronics.X-CUBE-AZRTOS-F4.1.1.0
2023-11-06 15:37:34,483 [WARN] PackLoader:240 - Cannot read IP mode file for STMicroelectronics.X-CUBE-AZRTOS-F7.1.1.0
2023-11-06 15:37:34,501 [WARN] ConditionMgr:438 - getConditionDescription Invalid condition id : LAN8742 Phy interface Condition cause : null
2023-11-06 15:37:34,502 [WARN] PackLoader:240 - Cannot read IP mode file for STMicroelectronics.X-CUBE-AZRTOS-L4.2.0.0
2023-11-06 15:37:34,503 [WARN] ConditionMgr:1039 - genDependencies : Invalid condition id : LAN8742 Phy interface Condition cause : null
2023-11-06 15:37:34,505 [WARN] ConditionMgr:1039 - genDependencies : Invalid condition id : LAN8742 Phy interface Condition cause : null
2023-11-06 15:37:34,506 [WARN] ConditionMgr:1039 - genDependencies : Invalid condition id : LAN8742 Phy interface Condition cause : null
2023-11-06 15:37:34,520 [WARN] PackLoader:240 - Cannot read IP mode file for STMicroelectronics.X-CUBE-AZRTOS-L5.2.0.0
2023-11-06 15:37:34,534 [WARN] PackLoader:240 - Cannot read IP mode file for STMicroelectronics.X-CUBE-AZRTOS-G0.1.1.0
2023-11-06 15:37:34,547 [WARN] PackLoader:240 - Cannot read IP mode file for STMicroelectronics.X-CUBE-AZRTOS-G4.2.0.0
2023-11-06 15:37:34,559 [WARN] ConditionMgr:438 - getConditionDescription Invalid condition id : UX DEVICE CLASS RTOS Condition cause : null
2023-11-06 15:37:34,559 [WARN] ConditionMgr:438 - getConditionDescription Invalid condition id : UX DEVICE CLASS RTOS Condition cause : null
2023-11-06 15:37:34,562 [WARN] PackLoader:240 - Cannot read IP mode file for STMicroelectronics.X-CUBE-AZRTOS-WB.2.0.0
2023-11-06 15:37:34,563 [WARN] ConditionMgr:1039 - genDependencies : Invalid condition id : UX DEVICE CLASS RTOS Condition cause : null
2023-11-06 15:37:34,564 [WARN] ConditionMgr:1039 - genDependencies : Invalid condition id : UX DEVICE CLASS RTOS Condition cause : null
2023-11-06 15:37:34,565 [WARN] ConditionMgr:1039 - genDependencies : Invalid condition id : UX DEVICE CLASS RTOS Condition cause : null
2023-11-06 15:37:34,566 [WARN] ConditionMgr:1039 - genDependencies : Invalid condition id : UX DEVICE CLASS RTOS Condition cause : null
2023-11-06 15:37:34,566 [WARN] ConditionMgr:1039 - genDependencies : Invalid condition id : UX DEVICE CLASS RTOS Condition cause : null
2023-11-06 15:37:34,574 [INFO] LogOutputStream:77 - [STDOUT_REDIRECT] 1 : Invalid condition id : UX_CORESTACK_Condition cause : null
2023-11-06 15:37:34,575 [INFO] LogOutputStream:77 - [STDOUT_REDIRECT] 1 : Invalid condition id : UX_CORESTACK_Condition cause : null
2023-11-06 15:37:34,577 [INFO] LogOutputStream:77 - [STDOUT_REDIRECT] 1 : Invalid condition id : UX_CORESTACK_Condition cause : null
2023-11-06 15:37:34,579 [INFO] LogOutputStream:77 - [STDOUT_REDIRECT] 1 : Invalid condition id : UX_CORESTACK_Condition cause : null
2023-11-06 15:37:34,581 [INFO] LogOutputStream:77 - [STDOUT_REDIRECT] 1 : Invalid condition id : UX_CORESTACK_Condition cause : null
2023-11-06 15:37:34,583 [WARN] PackLoader:240 - Cannot read IP mode file for STMicroelectronics.X-CUBE-AZRTOS-WL.2.0.0
2023-11-06 15:37:34,588 [WARN] PackLoader:240 - Cannot read IP mode file for wolfSSL.I-CUBE-wolfSSL.5.6.4
2023-11-06 15:37:34,591 [WARN] PackLoader:240 - Cannot read IP mode file for portGmbH.I-Cube-SoM-uGOAL.1.1.0
2023-11-06 15:37:34,596 [WARN] PackLoader:240 - Cannot read IP mode file for emotas.I-CUBE-CANOPEN.1.3.0
2023-11-06 15:37:34,601 [WARN] PackLoader:240 - Cannot read IP mode file for WES.I-CUBE-Cesium.1.3.0
2023-11-06 15:37:34,606 [WARN] PackLoader:240 - Cannot read IP mode file for ITTIA_DB.I-CUBE-ITTIADB.8.8.0
2023-11-06 15:37:34,615 [WARN] PackLoader:240 - Cannot read IP mode file for Infineon.AIROC-Wi-Fi-Bluetooth-STM32.1.5.1
2023-11-06 15:37:34,618 [INFO] PopulateThirdPartyThread:66 - Ending populate Thread
2023-11-06 15:37:34,621 [INFO] ThirdParty:1030 - CMSIS Pack Vendor :STMicroelectronics X-CUBE-ISPU 1.1.0
2023-11-06 15:37:34,621 [INFO] ThirdParty:1030 - CMSIS Pack Vendor :STMicroelectronics X-CUBE-DISPLAY 3.0.0
2023-11-06 15:37:34,622 [INFO] ThirdParty:1030 - CMSIS Pack Vendor :STMicroelectronics X-CUBE-GNSS1 6.0.0
2023-11-06 15:37:34,622 [INFO] ThirdParty:1030 - CMSIS Pack Vendor :STMicroelectronics X-CUBE-AZRTOS-F4 1.1.0
2023-11-06 15:37:34,622 [INFO] ThirdParty:1030 - CMSIS Pack Vendor :STMicroelectronics FP-ATR-SIGFOX1 3.2.0
2023-11-06 15:37:34,623 [INFO] ThirdParty:1030 - CMSIS Pack Vendor :STMicroelectronics X-CUBE-BLE1 7.0.0
2023-11-06 15:37:34,623 [INFO] ThirdParty:1030 - CMSIS Pack Vendor :wolfSSL I-CUBE-wolfSSL 5.6.4
2023-11-06 15:37:34,623 [INFO] ThirdParty:1030 - CMSIS Pack Vendor :STMicroelectronics X-CUBE-SMBUS 2.1.0
2023-11-06 15:37:34,624 [INFO] ThirdParty:1030 - CMSIS Pack Vendor :STMicroelectronics X-CUBE-AZRTOS-WB 2.0.0
2023-11-06 15:37:34,625 [INFO] ThirdParty:1030 - CMSIS Pack Vendor :emotas I-CUBE-CANOPEN 1.3.0
2023-11-06 15:37:34,625 [INFO] ThirdParty:1030 - CMSIS Pack Vendor :STMicroelectronics X-CUBE-MEMS1 10.0.0
2023-11-06 15:37:34,626 [INFO] ThirdParty:1030 - CMSIS Pack Vendor :STMicroelectronics X-CUBE-FREERTOS 1.1.0
2023-11-06 15:37:34,626 [INFO] ThirdParty:1030 - CMSIS Pack Vendor :STMicroelectronics X-CUBE-NFC7 1.0.1
2023-11-06 15:37:34,626 [INFO] ThirdParty:1030 - CMSIS Pack Vendor :STMicroelectronics X-CUBE-TOUCHGFX 4.22.1
2023-11-06 15:37:34,627 [INFO] ThirdParty:1030 - CMSIS Pack Vendor :STMicroelectronics X-CUBE-AZRTOS-F7 1.1.0
2023-11-06 15:37:34,627 [INFO] ThirdParty:1030 - CMSIS Pack Vendor :STMicroelectronics X-CUBE-AZRTOS-L5 2.0.0
2023-11-06 15:37:34,627 [INFO] ThirdParty:1030 - CMSIS Pack Vendor :STMicroelectronics X-CUBE-NFC6 3.0.0
2023-11-06 15:37:34,628 [INFO] ThirdParty:1030 - CMSIS Pack Vendor :STMicroelectronics X-CUBE-ALS 1.0.1
2023-11-06 15:37:34,628 [INFO] ThirdParty:1030 - CMSIS Pack Vendor :portGmbH I-Cube-SoM-uGOAL 1.1.0
2023-11-06 15:37:34,629 [INFO] ThirdParty:1030 - CMSIS Pack Vendor :STMicroelectronics X-CUBE-EEPRMA1 4.2.0
2023-11-06 15:37:34,629 [INFO] ThirdParty:1030 - CMSIS Pack Vendor :ITTIA_DB I-CUBE-ITTIADB 8.8.0
2023-11-06 15:37:34,629 [INFO] ThirdParty:1030 - CMSIS Pack Vendor :STMicroelectronics FP-SNS-SMARTAG2 1.2.0
2023-11-06 15:37:34,630 [INFO] ThirdParty:1030 - CMSIS Pack Vendor :STMicroelectronics FP-SNS-MOTENV1 4.3.2
2023-11-06 15:37:34,631 [INFO] ThirdParty:1030 - CMSIS Pack Vendor :STMicroelectronics X-CUBE-ALGOBUILD 1.3.0
2023-11-06 15:37:34,631 [INFO] ThirdParty:1030 - CMSIS Pack Vendor :STMicroelectronics X-CUBE-AZRTOS-WL 2.0.0
2023-11-06 15:37:34,631 [INFO] ThirdParty:1030 - CMSIS Pack Vendor :STMicroelectronics X-CUBE-AZRTOS-G0 1.1.0
2023-11-06 15:37:34,632 [INFO] ThirdParty:1030 - CMSIS Pack Vendor :STMicroelectronics X-CUBE-AI 8.1.0
2023-11-06 15:37:34,632 [INFO] ThirdParty:1030 - CMSIS Pack Vendor :STMicroelectronics X-CUBE-NFC4 3.0.0
2023-11-06 15:37:34,633 [INFO] ThirdParty:1030 - CMSIS Pack Vendor :STMicroelectronics X-CUBE-SUBG2 5.0.0
2023-11-06 15:37:34,633 [INFO] ThirdParty:1030 - CMSIS Pack Vendor :STMicroelectronics X-CUBE-AZRTOS-L4 2.0.0
2023-11-06 15:37:34,633 [INFO] ThirdParty:1030 - CMSIS Pack Vendor :STMicroelectronics FP-ATR-ASTRA1 2.0.0
2023-11-06 15:37:34,634 [INFO] ThirdParty:1030 - CMSIS Pack Vendor :WES I-CUBE-Cesium 1.3.0
2023-11-06 15:37:34,634 [INFO] ThirdParty:1030 - CMSIS Pack Vendor :STMicroelectronics X-CUBE-SFXS2LP1 4.0.0
2023-11-06 15:37:34,635 [INFO] ThirdParty:1030 - CMSIS Pack Vendor :STMicroelectronics FP-SNS-FLIGHT1 5.0.2
2023-11-06 15:37:34,635 [INFO] ThirdParty:1030 - CMSIS Pack Vendor :STMicroelectronics X-CUBE-BLE2 3.3.0
2023-11-06 15:37:34,635 [INFO] ThirdParty:1030 - CMSIS Pack Vendor :STMicroelectronics X-CUBE-TOF1 3.3.1
2023-11-06 15:37:34,636 [INFO] ThirdParty:1030 - CMSIS Pack Vendor :STMicroelectronics X-CUBE-AZRTOS-G4 2.0.0
2023-11-06 15:37:34,636 [INFO] ThirdParty:1030 - CMSIS Pack Vendor :STMicroelectronics X-CUBE-AZRTOS-H7 3.1.0
2023-11-06 15:37:34,637 [INFO] ThirdParty:1030 - CMSIS Pack Vendor :Infineon AIROC-Wi-Fi-Bluetooth-STM32 1.5.1
2023-11-06 15:37:34,637 [INFO] ThirdParty:1030 - CMSIS Pack Vendor :STMicroelectronics X-CUBE-BLEMGR 3.0.0
2023-11-06 15:37:34,638 [INFO] LoadServerUpdatesThread:373 - End of LoadServerUpdate Thread
2023-11-06 15:37:36,737 [WARN] PackLoader:240 - Cannot read IP mode file for STMicroelectronics.X-CUBE-SMBUS.2.1.0
2023-11-06 15:37:36,748 [WARN] PackLoader:240 - Cannot read IP mode file for STMicroelectronics.X-CUBE-AZRTOS-F7.1.1.0
2023-11-06 15:37:36,754 [WARN] PackLoader:240 - Cannot read IP mode file for STMicroelectronics.FP-SNS-MOTENV1.4.3.2
2023-11-06 15:37:36,757 [WARN] PackLoader:240 - Cannot read IP mode file for STMicroelectronics.FP-SNS-FLIGHT1.5.0.2
2023-11-06 15:37:36,762 [WARN] PackLoader:240 - Cannot read IP mode file for STMicroelectronics.X-CUBE-DISPLAY.3.0.0
2023-11-06 15:37:36,768 [WARN] PackLoader:240 - Cannot read IP mode file for STMicroelectronics.X-CUBE-BLE1.7.0.0
2023-11-06 15:37:36,771 [WARN] PackLoader:240 - Cannot read IP mode file for emotas.I-CUBE-CANOPEN.1.3.0
2023-11-06 15:37:36,774 [WARN] PackLoader:240 - Cannot read IP mode file for STMicroelectronics.X-CUBE-TOUCHGFX.4.22.1
2023-11-06 15:37:36,777 [WARN] PackLoader:240 - Cannot read IP mode file for STMicroelectronics.FP-SNS-SMARTAG2.1.2.0
2023-11-06 15:37:36,784 [INFO] LogOutputStream:77 - [STDOUT_REDIRECT] 1 : Invalid condition id : UX_CORESTACK_Condition cause : null
2023-11-06 15:37:36,786 [INFO] LogOutputStream:77 - [STDOUT_REDIRECT] 1 : Invalid condition id : UX_CORESTACK_Condition cause : null
2023-11-06 15:37:36,787 [INFO] LogOutputStream:77 - [STDOUT_REDIRECT] 1 : Invalid condition id : UX_CORESTACK_Condition cause : null
2023-11-06 15:37:36,788 [INFO] LogOutputStream:77 - [STDOUT_REDIRECT] 1 : Invalid condition id : UX_CORESTACK_Condition cause : null
2023-11-06 15:37:36,790 [INFO] LogOutputStream:77 - [STDOUT_REDIRECT] 1 : Invalid condition id : UX_CORESTACK_Condition cause : null
2023-11-06 15:37:36,792 [WARN] PackLoader:240 - Cannot read IP mode file for STMicroelectronics.X-CUBE-AZRTOS-WL.2.0.0
2023-11-06 15:37:36,797 [WARN] PackLoader:240 - Cannot read IP mode file for WES.I-CUBE-Cesium.1.3.0
2023-11-06 15:37:36,800 [WARN] PackLoader:240 - Cannot read IP mode file for STMicroelectronics.X-CUBE-BLE2.3.3.0
2023-11-06 15:37:36,804 [WARN] PackLoader:240 - Cannot read IP mode file for STMicroelectronics.X-CUBE-ALGOBUILD.1.3.0
2023-11-06 15:37:36,814 [WARN] PackLoader:240 - Cannot read IP mode file for STMicroelectronics.X-CUBE-AZRTOS-G0.1.1.0
2023-11-06 15:37:36,819 [WARN] PackLoader:240 - Cannot read IP mode file for STMicroelectronics.X-CUBE-NFC4.3.0.0
2023-11-06 15:37:36,826 [WARN] PackLoader:240 - Cannot read IP mode file for STMicroelectronics.X-CUBE-BLEMGR.3.0.0
2023-11-06 15:37:36,830 [WARN] PackLoader:240 - Cannot read IP mode file for STMicroelectronics.FP-ATR-SIGFOX1.3.2.0
2023-11-06 15:37:36,834 [WARN] PackLoader:240 - Cannot read IP mode file for STMicroelectronics.X-CUBE-GNSS1.6.0.0
2023-11-06 15:37:36,845 [WARN] PackLoader:240 - Cannot read IP mode file for STMicroelectronics.X-CUBE-AZRTOS-F4.1.1.0
2023-11-06 15:37:36,850 [WARN] PackLoader:240 - Cannot read IP mode file for wolfSSL.I-CUBE-wolfSSL.5.6.4
2023-11-06 15:37:36,861 [WARN] PackLoader:240 - Cannot read IP mode file for STMicroelectronics.X-CUBE-AZRTOS-L5.2.0.0
2023-11-06 15:37:36,867 [WARN] PackLoader:240 - Cannot read IP mode file for STMicroelectronics.X-CUBE-EEPRMA1.4.2.0
2023-11-06 15:37:36,871 [WARN] PackLoader:240 - Cannot read IP mode file for ITTIA_DB.I-CUBE-ITTIADB.8.8.0
2023-11-06 15:37:36,882 [WARN] ConditionMgr:438 - getConditionDescription Invalid condition id : UX DEVICE CLASS RTOS Condition cause : null
2023-11-06 15:37:36,883 [WARN] ConditionMgr:438 - getConditionDescription Invalid condition id : UX DEVICE CLASS RTOS Condition cause : null
2023-11-06 15:37:36,885 [WARN] PackLoader:240 - Cannot read IP mode file for STMicroelectronics.X-CUBE-AZRTOS-H7.3.1.0
2023-11-06 15:37:36,886 [WARN] ConditionMgr:1039 - genDependencies : Invalid condition id : UX DEVICE CLASS RTOS Condition cause : null
2023-11-06 15:37:36,887 [WARN] ConditionMgr:1039 - genDependencies : Invalid condition id : UX DEVICE CLASS RTOS Condition cause : null
2023-11-06 15:37:36,888 [WARN] ConditionMgr:1039 - genDependencies : Invalid condition id : UX DEVICE CLASS RTOS Condition cause : null
2023-11-06 15:37:36,888 [WARN] ConditionMgr:1039 - genDependencies : Invalid condition id : UX DEVICE CLASS RTOS Condition cause : null
2023-11-06 15:37:36,889 [WARN] ConditionMgr:1039 - genDependencies : Invalid condition id : UX DEVICE CLASS RTOS Condition cause : null
2023-11-06 15:37:36,894 [WARN] PackLoader:240 - Cannot read IP mode file for STMicroelectronics.X-CUBE-NFC7.1.0.1
2023-11-06 15:37:36,899 [WARN] PackLoader:240 - Cannot read IP mode file for STMicroelectronics.X-CUBE-NFC6.3.0.0
2023-11-06 15:37:36,903 [WARN] PackLoader:240 - Cannot read IP mode file for STMicroelectronics.X-CUBE-AI.8.1.0
2023-11-06 15:37:36,915 [WARN] ConditionMgr:438 - getConditionDescription Invalid condition id : LAN8742 Phy interface Condition cause : null
2023-11-06 15:37:36,916 [WARN] PackLoader:240 - Cannot read IP mode file for STMicroelectronics.X-CUBE-AZRTOS-L4.2.0.0
2023-11-06 15:37:36,917 [WARN] ConditionMgr:1039 - genDependencies : Invalid condition id : LAN8742 Phy interface Condition cause : null
2023-11-06 15:37:36,918 [WARN] ConditionMgr:1039 - genDependencies : Invalid condition id : LAN8742 Phy interface Condition cause : null
2023-11-06 15:37:36,918 [WARN] ConditionMgr:1039 - genDependencies : Invalid condition id : LAN8742 Phy interface Condition cause : null
2023-11-06 15:37:36,924 [WARN] PackLoader:240 - Cannot read IP mode file for STMicroelectronics.X-CUBE-SFXS2LP1.4.0.0
2023-11-06 15:37:36,928 [WARN] PackLoader:240 - Cannot read IP mode file for STMicroelectronics.X-CUBE-ISPU.1.1.0
2023-11-06 15:37:36,936 [WARN] ConditionMgr:438 - getConditionDescription Invalid condition id : UX DEVICE CLASS RTOS Condition cause : null
2023-11-06 15:37:36,936 [WARN] ConditionMgr:438 - getConditionDescription Invalid condition id : UX DEVICE CLASS RTOS Condition cause : null
2023-11-06 15:37:36,938 [WARN] PackLoader:240 - Cannot read IP mode file for STMicroelectronics.X-CUBE-AZRTOS-WB.2.0.0
2023-11-06 15:37:36,939 [WARN] ConditionMgr:1039 - genDependencies : Invalid condition id : UX DEVICE CLASS RTOS Condition cause : null
2023-11-06 15:37:36,939 [WARN] ConditionMgr:1039 - genDependencies : Invalid condition id : UX DEVICE CLASS RTOS Condition cause : null
2023-11-06 15:37:36,940 [WARN] ConditionMgr:1039 - genDependencies : Invalid condition id : UX DEVICE CLASS RTOS Condition cause : null
2023-11-06 15:37:36,941 [WARN] ConditionMgr:1039 - genDependencies : Invalid condition id : UX DEVICE CLASS RTOS Condition cause : null
2023-11-06 15:37:36,941 [WARN] ConditionMgr:1039 - genDependencies : Invalid condition id : UX DEVICE CLASS RTOS Condition cause : null
2023-11-06 15:37:36,948 [WARN] PackLoader:240 - Cannot read IP mode file for STMicroelectronics.X-CUBE-SUBG2.5.0.0
2023-11-06 15:37:36,959 [WARN] PackLoader:240 - Cannot read IP mode file for STMicroelectronics.X-CUBE-TOF1.3.3.1
2023-11-06 15:37:36,974 [WARN] PackLoader:240 - Cannot read IP mode file for STMicroelectronics.X-CUBE-AZRTOS-G4.2.0.0
2023-11-06 15:37:36,983 [WARN] PackLoader:240 - Cannot read IP mode file for Infineon.AIROC-Wi-Fi-Bluetooth-STM32.1.5.1
2023-11-06 15:37:37,014 [WARN] PackLoader:240 - Cannot read IP mode file for STMicroelectronics.X-CUBE-MEMS1.10.0.0
2023-11-06 15:37:37,111 [WARN] PackLoader:240 - Cannot read IP mode file for STMicroelectronics.X-CUBE-FREERTOS.1.1.0
2023-11-06 15:37:37,115 [WARN] PackLoader:240 - Cannot read IP mode file for portGmbH.I-Cube-SoM-uGOAL.1.1.0
2023-11-06 15:37:37,119 [WARN] PackLoader:240 - Cannot read IP mode file for STMicroelectronics.X-CUBE-ALS.1.0.1
2023-11-06 15:37:37,122 [WARN] PackLoader:240 - Cannot read IP mode file for STMicroelectronics.FP-ATR-ASTRA1.2.0.0
2023-11-06 15:37:37,123 [INFO] ThirdParty:978 - Integrity check success = true
2023-11-06 15:37:37,123 [INFO] IntegrityCheckThread:100 - exiting critical section [integrity check]
2023-11-06 15:37:37,123 [INFO] IntegrityCheckThread:103 - End integrity checks thread
2023-11-06 16:00:56,324 [ERROR] LogOutputStream:75 - [STDERR_REDIRECT] 
