2023-11-02 14:35:13,671 [INFO] Activator:176 - 


2023-11-02 14:35:13,683 [INFO] Activator:177 - !SESSION log4j initialized
2023-11-02 14:35:19,441 [INFO] LogOutputStream:77 - [STDOUT_REDIRECT] 
2023-11-02 14:35:22,194 [INFO] ApplicationProperties:184 - Using Application install path: C:\ST\STM32CubeIDE_1.13.1\STM32CubeIDE\plugins\com.st.stm32cube.common.mx_6.9.1.202307191849
2023-11-02 14:35:22,210 [INFO] DbMcusXml:78 - Set database path to: C:\ST\STM32CubeIDE_1.13.1\STM32CubeIDE\plugins\com.st.stm32cube.common.mx_6.9.1.202307191849\\db\/mcu/
2023-11-02 14:35:22,211 [INFO] ApiDb:274 - Set plugin database path to: C:\ST\STM32CubeIDE_1.13.1\STM32CubeIDE\plugins\com.st.stm32cube.common.mx_6.9.1.202307191849\\db\/plugins/boardmanager/
2023-11-02 14:35:22,211 [WARN] ApiDb:259 - Overriding images path with different value:  => C:\ST\STM32CubeIDE_1.13.1\STM32CubeIDE\plugins\com.st.stm32cube.common.mx_6.9.1.202307191849\\db\/plugins/mcufinder/images/
2023-11-02 14:35:23,353 [WARN] ApiFinderProperties:113 - C:\Users\juntch\.stmcufinder\plugins\mcufinder\mcu\mcuFinder.mfd doesn't exist
2023-11-02 14:35:23,355 [INFO] ApiDb:250 - Set database path to: C:\Users\juntch\.stmcufinder\plugins\mcufinder//mcu/
2023-11-02 14:35:23,357 [INFO] DbMcusAds:125 - Set database path to: C:\Users\juntch\.stmcufinder\plugins\mcufinder//mcu/
2023-11-02 14:35:23,360 [INFO] CrossReferenceDbSqlite:203 - Set database path to: C:\Users\juntch\.stmcufinder\plugins\mcufinder//mcu/cs/
2023-11-02 14:35:23,486 [INFO] RulesReader:64 - Compatibility file has been processed (293 Rules)
2023-11-02 14:35:23,577 [INFO] DbMcusXml:78 - Set database path to: C:\ST\STM32CubeIDE_1.13.1\STM32CubeIDE\plugins\com.st.stm32cube.common.mx_6.9.1.202307191849\\db\/mcu/
2023-11-02 14:35:23,577 [INFO] ApiDb:274 - Set plugin database path to: C:\ST\STM32CubeIDE_1.13.1\STM32CubeIDE\plugins\com.st.stm32cube.common.mx_6.9.1.202307191849\\db\/plugins/boardmanager/
2023-11-02 14:35:23,578 [INFO] ApiDb:261 - Set plugin images path to: C:\ST\STM32CubeIDE_1.13.1\STM32CubeIDE\plugins\com.st.stm32cube.common.mx_6.9.1.202307191849\\db\/plugins/mcufinder/images/
2023-11-02 14:35:23,579 [WARN] DbFile:41 - Overriding database path with different value: C:\Users\juntch\.stmcufinder\plugins\mcufinder/ => C:\Users\juntch\.stmcufinder\plugins\mcufinder
2023-11-02 14:35:23,579 [INFO] ApiDb:250 - Set database path to: C:\Users\juntch\.stmcufinder\plugins\mcufinder//mcu/
2023-11-02 14:35:23,580 [WARN] DbFile:41 - Overriding database path with different value: C:\Users\juntch\.stmcufinder\plugins\mcufinder/ => C:\Users\juntch\.stmcufinder\plugins\mcufinder
2023-11-02 14:35:23,581 [INFO] DbMcusAds:125 - Set database path to: C:\Users\juntch\.stmcufinder\plugins\mcufinder//mcu/
2023-11-02 14:35:23,588 [WARN] DbFile:41 - Overriding database path with different value: C:\Users\juntch\.stmcufinder\plugins\mcufinder/ => C:\Users\juntch\.stmcufinder\plugins\mcufinder
2023-11-02 14:35:23,588 [WARN] DbFile:41 - Overriding database path with different value: C:\Users\juntch\.stmcufinder\plugins\mcufinder/ => C:\Users\juntch\.stmcufinder\plugins\mcufinder
2023-11-02 14:35:23,589 [INFO] CrossReferenceDbSqlite:203 - Set database path to: C:\Users\juntch\.stmcufinder\plugins\mcufinder//mcu/cs/
2023-11-02 14:35:23,722 [INFO] MainPanel:262 - HeapMemory: 268435456
2023-11-02 14:35:23,833 [INFO] DbMcusXml:78 - Set database path to: C:\ST\STM32CubeIDE_1.13.1\STM32CubeIDE\plugins\com.st.stm32cube.common.mx_6.9.1.202307191849\\db\/mcu/
2023-11-02 14:35:23,834 [INFO] ApiDb:274 - Set plugin database path to: C:\ST\STM32CubeIDE_1.13.1\STM32CubeIDE\plugins\com.st.stm32cube.common.mx_6.9.1.202307191849\\db\/plugins/boardmanager/
2023-11-02 14:35:23,834 [INFO] ApiDb:261 - Set plugin images path to: C:\ST\STM32CubeIDE_1.13.1\STM32CubeIDE\plugins\com.st.stm32cube.common.mx_6.9.1.202307191849\\db\/plugins/mcufinder/images/
2023-11-02 14:35:23,835 [WARN] DbFile:41 - Overriding database path with different value: C:\Users\juntch\.stmcufinder\plugins\mcufinder/ => C:\Users\juntch\.stmcufinder\plugins\mcufinder
2023-11-02 14:35:23,835 [INFO] ApiDb:250 - Set database path to: C:\Users\juntch\.stmcufinder\plugins\mcufinder//mcu/
2023-11-02 14:35:23,836 [WARN] DbFile:41 - Overriding database path with different value: C:\Users\juntch\.stmcufinder\plugins\mcufinder/ => C:\Users\juntch\.stmcufinder\plugins\mcufinder
2023-11-02 14:35:23,836 [INFO] DbMcusAds:125 - Set database path to: C:\Users\juntch\.stmcufinder\plugins\mcufinder//mcu/
2023-11-02 14:35:23,836 [WARN] DbFile:41 - Overriding database path with different value: C:\Users\juntch\.stmcufinder\plugins\mcufinder/ => C:\Users\juntch\.stmcufinder\plugins\mcufinder
2023-11-02 14:35:23,837 [WARN] DbFile:41 - Overriding database path with different value: C:\Users\juntch\.stmcufinder\plugins\mcufinder/ => C:\Users\juntch\.stmcufinder\plugins\mcufinder
2023-11-02 14:35:23,837 [INFO] CrossReferenceDbSqlite:203 - Set database path to: C:\Users\juntch\.stmcufinder\plugins\mcufinder//mcu/cs/
2023-11-02 14:35:23,853 [INFO] ApplicationProperties:184 - Using Application install path: C:\ST\STM32CubeIDE_1.13.1\STM32CubeIDE\plugins\com.st.stm32cube.common.mx_6.9.1.202307191849
2023-11-02 14:35:23,855 [INFO] PluginManage:196 - Search for loadable plugins [exclusion list=, ]
2023-11-02 14:35:23,856 [INFO] PluginManage:310 - Check plugin analytics
2023-11-02 14:35:24,015 [INFO] AnalyticsPlugin:253 - Accepted Software Licenses: 
2023-11-02 14:35:24,016 [INFO] AnalyticsPlugin:255 - Accepted CMSIS Pack Licenses: 
2023-11-02 14:35:24,017 [INFO] AnalyticsPlugin:257 - Accepted Firmware Licenses: 
2023-11-02 14:35:24,020 [INFO] PluginManage:359 - Loaded plugin analytics (category:tool,tabindex:-1)
2023-11-02 14:35:24,021 [INFO] PluginManage:310 - Check plugin cadmodel
2023-11-02 14:35:24,034 [INFO] CADModel:105 - Init CAD model plugin
2023-11-02 14:35:24,034 [INFO] PluginManage:359 - Loaded plugin cadmodel (category:power,tabindex:5)
2023-11-02 14:35:24,035 [INFO] PluginManage:310 - Check plugin clock
2023-11-02 14:35:24,052 [INFO] PluginManage:359 - Loaded plugin clock (category:base,tabindex:2)
2023-11-02 14:35:24,053 [INFO] PluginManage:310 - Check plugin ddr
2023-11-02 14:35:24,055 [INFO] PluginManage:359 - Loaded plugin ddr (category:tool,tabindex:6)
2023-11-02 14:35:24,056 [INFO] PluginManage:310 - Check plugin filemanager
2023-11-02 14:35:24,180 [INFO] PluginManage:359 - Loaded plugin filemanager (category:base,tabindex:10)
2023-11-02 14:35:24,181 [INFO] PluginManage:310 - Check plugin ipmanager
2023-11-02 14:35:24,188 [INFO] PluginManage:359 - Loaded plugin ipmanager (category:base,tabindex:5)
2023-11-02 14:35:24,189 [INFO] PluginManage:310 - Check plugin lpbam
2023-11-02 14:35:24,203 [INFO] PluginManage:359 - Loaded plugin lpbam (category:base,tabindex:0)
2023-11-02 14:35:24,204 [INFO] PluginManage:310 - Check plugin memorymap
2023-11-02 14:35:24,220 [INFO] PluginManage:359 - Loaded plugin memorymap (category:base,tabindex:4)
2023-11-02 14:35:24,221 [INFO] PluginManage:310 - Check plugin pinoutandconfiguration
2023-11-02 14:35:24,234 [INFO] PluginManage:359 - Loaded plugin pinoutandconfiguration (category:base,tabindex:1)
2023-11-02 14:35:24,235 [INFO] PluginManage:310 - Check plugin pinoutconfig
2023-11-02 14:35:24,325 [WARN] SupportedApi:132 - Cannot load RTOS API schema: s4s-elt-must-match.1: The content of 'definitions' must match (annotation?, (simpleType | complexType)?, (unique | key | keyref)*)). A problem was found starting at: attribute.
2023-11-02 14:35:24,446 [INFO] PluginManage:359 - Loaded plugin pinoutconfig (category:base,tabindex:0)
2023-11-02 14:35:24,447 [INFO] PluginManage:310 - Check plugin power
2023-11-02 14:35:24,463 [INFO] PluginManage:359 - Loaded plugin power (category:power,tabindex:4)
2023-11-02 14:35:24,463 [INFO] PluginManage:310 - Check plugin projectmanager
2023-11-02 14:35:24,480 [INFO] PluginManage:359 - Loaded plugin projectmanager (category:projectmanager,tabindex:3)
2023-11-02 14:35:24,480 [INFO] PluginManage:310 - Check plugin thirdparty
2023-11-02 14:35:24,699 [INFO] PluginManage:359 - Loaded plugin thirdparty (category:base,tabindex:-1)
2023-11-02 14:35:24,699 [WARN] IntegrityCheckThread:84 - waiting for thirdparty lock release [integrity check]
2023-11-02 14:35:24,699 [INFO] PluginManage:310 - Check plugin tools
2023-11-02 14:35:24,700 [INFO] IntegrityCheckThread:86 - entering critical section [integrity check]
2023-11-02 14:35:24,701 [INFO] ThirdPartyUpdaterWithRetryManager:70 - Updater plugin not ready yet. [1/15]
2023-11-02 14:35:24,731 [INFO] PluginManage:359 - Loaded plugin tools (category:base,tabindex:7)
2023-11-02 14:35:24,732 [INFO] PluginManage:310 - Check plugin tutovideos
2023-11-02 14:35:24,899 [INFO] PluginManage:359 - Loaded plugin tutovideos (category:base,tabindex:-1)
2023-11-02 14:35:24,899 [INFO] PluginManage:310 - Check plugin updater
2023-11-02 14:35:24,909 [INFO] PluginManage:359 - Loaded plugin updater (category:base,tabindex:12)
2023-11-02 14:35:24,910 [INFO] PluginManage:310 - Check plugin userauth
2023-11-02 14:35:24,915 [INFO] UserAuth:113 - Init User Auth plugin
2023-11-02 14:35:24,915 [INFO] PluginManage:359 - Loaded plugin userauth (category:base,tabindex:14)
2023-11-02 14:35:24,916 [INFO] PluginManage:283 - PluginManage : Loaded plugins [17]
2023-11-02 14:35:25,101 [INFO] PinOutPanel:1499 - setPackage(No Configuration,No Configuration)
2023-11-02 14:35:25,198 [INFO] CADModel:165 - CPN selected for project level
2023-11-02 14:35:25,199 [INFO] CADModel:114 - Register for checkConnection events
2023-11-02 14:35:25,219 [INFO] IPUIPlugin:80 - create IPUIPlugin
2023-11-02 14:35:25,220 [INFO] PluginManager:220 - loadIPPluginJar : add adc
2023-11-02 14:35:25,249 [INFO] IPUIPlugin:80 - create IPUIPlugin
2023-11-02 14:35:25,250 [INFO] PluginManager:220 - loadIPPluginJar : add aes
2023-11-02 14:35:25,285 [INFO] IPUIPlugin:80 - create IPUIPlugin
2023-11-02 14:35:25,285 [INFO] PluginManager:220 - loadIPPluginJar : add can
2023-11-02 14:35:25,304 [INFO] IPUIPlugin:80 - create IPUIPlugin
2023-11-02 14:35:25,305 [INFO] PluginManager:220 - loadIPPluginJar : add comp
2023-11-02 14:35:25,335 [INFO] IPUIPlugin:80 - create IPUIPlugin
2023-11-02 14:35:25,336 [INFO] PluginManager:220 - loadIPPluginJar : add cryp
2023-11-02 14:35:25,364 [INFO] IPUIPlugin:80 - create IPUIPlugin
2023-11-02 14:35:25,365 [INFO] PluginManager:220 - loadIPPluginJar : add dfsdm
2023-11-02 14:35:25,377 [INFO] IPUIPlugin:80 - create IPUIPlugin
2023-11-02 14:35:25,378 [INFO] PluginManager:220 - loadIPPluginJar : add dma
2023-11-02 14:35:25,419 [INFO] IPUIPlugin:80 - create IPUIPlugin
2023-11-02 14:35:25,420 [INFO] PluginManager:220 - loadIPPluginJar : add dma3
2023-11-02 14:35:25,441 [INFO] IPUIPlugin:80 - create IPUIPlugin
2023-11-02 14:35:25,441 [INFO] PluginManager:220 - loadIPPluginJar : add fatfs
2023-11-02 14:35:25,486 [INFO] IPUIPlugin:80 - create IPUIPlugin
2023-11-02 14:35:25,486 [INFO] PluginManager:220 - loadIPPluginJar : add fmc
2023-11-02 14:35:25,499 [INFO] IPUIPlugin:80 - create IPUIPlugin
2023-11-02 14:35:25,500 [INFO] PluginManager:220 - loadIPPluginJar : add freertos
2023-11-02 14:35:25,520 [INFO] IPUIPlugin:80 - create IPUIPlugin
2023-11-02 14:35:25,521 [INFO] PluginManager:220 - loadIPPluginJar : add genericplugin
2023-11-02 14:35:25,611 [INFO] IPUIPlugin:80 - create IPUIPlugin
2023-11-02 14:35:25,611 [INFO] PluginManager:220 - loadIPPluginJar : add gfxmmu
2023-11-02 14:35:25,732 [INFO] IPUIPlugin:80 - create IPUIPlugin
2023-11-02 14:35:25,733 [INFO] PluginManager:220 - loadIPPluginJar : add gic
2023-11-02 14:35:25,744 [INFO] IPUIPlugin:80 - create IPUIPlugin
2023-11-02 14:35:25,744 [INFO] PluginManager:220 - loadIPPluginJar : add gpio
2023-11-02 14:35:25,828 [INFO] IPUIPlugin:80 - create IPUIPlugin
2023-11-02 14:35:25,829 [INFO] PluginManager:220 - loadIPPluginJar : add gtzc
2023-11-02 14:35:25,857 [INFO] IPUIPlugin:80 - create IPUIPlugin
2023-11-02 14:35:25,858 [INFO] PluginManager:220 - loadIPPluginJar : add hash
2023-11-02 14:35:25,906 [INFO] IPUIPlugin:80 - create IPUIPlugin
2023-11-02 14:35:25,907 [INFO] PluginManager:220 - loadIPPluginJar : add i2c
2023-11-02 14:35:25,941 [INFO] IPUIPlugin:80 - create IPUIPlugin
2023-11-02 14:35:25,942 [INFO] PluginManager:220 - loadIPPluginJar : add i2s
2023-11-02 14:35:25,979 [INFO] IPUIPlugin:80 - create IPUIPlugin
2023-11-02 14:35:25,980 [INFO] PluginManager:220 - loadIPPluginJar : add i3c
2023-11-02 14:35:26,070 [INFO] IPUIPlugin:80 - create IPUIPlugin
2023-11-02 14:35:26,071 [INFO] PluginManager:220 - loadIPPluginJar : add ipddr
2023-11-02 14:35:26,149 [INFO] IPUIPlugin:80 - create IPUIPlugin
2023-11-02 14:35:26,149 [INFO] PluginManager:220 - loadIPPluginJar : add linkedlist
2023-11-02 14:35:26,180 [INFO] IPUIPlugin:80 - create IPUIPlugin
2023-11-02 14:35:26,180 [INFO] PluginManager:220 - loadIPPluginJar : add lorawan
2023-11-02 14:35:26,209 [INFO] IPUIPlugin:80 - create IPUIPlugin
2023-11-02 14:35:26,210 [INFO] PluginManager:220 - loadIPPluginJar : add ltdc
2023-11-02 14:35:26,222 [INFO] IPUIPlugin:80 - create IPUIPlugin
2023-11-02 14:35:26,223 [INFO] PluginManager:220 - loadIPPluginJar : add mdma
2023-11-02 14:35:26,233 [INFO] IPUIPlugin:80 - create IPUIPlugin
2023-11-02 14:35:26,234 [INFO] PluginManager:220 - loadIPPluginJar : add nvic
2023-11-02 14:35:26,263 [INFO] IPUIPlugin:80 - create IPUIPlugin
2023-11-02 14:35:26,263 [INFO] PluginManager:220 - loadIPPluginJar : add opamp
2023-11-02 14:35:26,313 [INFO] IPUIPlugin:80 - create IPUIPlugin
2023-11-02 14:35:26,314 [INFO] PluginManager:220 - loadIPPluginJar : add openamp
2023-11-02 14:35:26,349 [INFO] IPUIPlugin:80 - create IPUIPlugin
2023-11-02 14:35:26,351 [INFO] PluginManager:220 - loadIPPluginJar : add pdm2pcm
2023-11-02 14:35:26,362 [INFO] IPUIPlugin:80 - create IPUIPlugin
2023-11-02 14:35:26,365 [INFO] PluginManager:220 - loadIPPluginJar : add plateformsettings
2023-11-02 14:35:26,383 [INFO] IPUIPlugin:80 - create IPUIPlugin
2023-11-02 14:35:26,384 [INFO] PluginManager:220 - loadIPPluginJar : add quadspi
2023-11-02 14:35:26,393 [INFO] IPUIPlugin:80 - create IPUIPlugin
2023-11-02 14:35:26,394 [INFO] PluginManager:220 - loadIPPluginJar : add resmgrutility
2023-11-02 14:35:26,434 [INFO] IPUIPlugin:80 - create IPUIPlugin
2023-11-02 14:35:26,435 [INFO] PluginManager:220 - loadIPPluginJar : add sai
2023-11-02 14:35:26,466 [INFO] IPUIPlugin:80 - create IPUIPlugin
2023-11-02 14:35:26,466 [INFO] PluginManager:220 - loadIPPluginJar : add spi
2023-11-02 14:35:26,515 [INFO] IPUIPlugin:80 - create IPUIPlugin
2023-11-02 14:35:26,515 [INFO] PluginManager:220 - loadIPPluginJar : add stm32_wpan
2023-11-02 14:35:26,533 [INFO] IPUIPlugin:80 - create IPUIPlugin
2023-11-02 14:35:26,534 [INFO] PluginManager:220 - loadIPPluginJar : add tim
2023-11-02 14:35:26,582 [INFO] IPUIPlugin:80 - create IPUIPlugin
2023-11-02 14:35:26,583 [INFO] PluginManager:220 - loadIPPluginJar : add touchsensing
2023-11-02 14:35:26,602 [INFO] IPUIPlugin:80 - create IPUIPlugin
2023-11-02 14:35:26,602 [INFO] PluginManager:220 - loadIPPluginJar : add tracer_emb
2023-11-02 14:35:26,622 [INFO] IPUIPlugin:80 - create IPUIPlugin
2023-11-02 14:35:26,623 [INFO] PluginManager:220 - loadIPPluginJar : add ts
2023-11-02 14:35:26,640 [INFO] IPUIPlugin:80 - create IPUIPlugin
2023-11-02 14:35:26,642 [INFO] PluginManager:220 - loadIPPluginJar : add tsc
2023-11-02 14:35:26,660 [INFO] IPUIPlugin:80 - create IPUIPlugin
2023-11-02 14:35:26,661 [INFO] PluginManager:220 - loadIPPluginJar : add ucpd
2023-11-02 14:35:26,698 [INFO] IPUIPlugin:80 - create IPUIPlugin
2023-11-02 14:35:26,699 [INFO] PluginManager:220 - loadIPPluginJar : add usart
2023-11-02 14:35:26,736 [INFO] IPUIPlugin:80 - create IPUIPlugin
2023-11-02 14:35:26,737 [INFO] PluginManager:220 - loadIPPluginJar : add usbx
2023-11-02 14:35:26,859 [INFO] CADModel:165 - CPN selected for project level
2023-11-02 14:35:26,859 [INFO] CADModel:114 - Register for checkConnection events
2023-11-02 14:35:26,859 [FATAL] Updater:308 - Updater called before beeing initialized
2023-11-02 14:35:26,860 [ERROR] CADModel:125 - Updater not yet initialized, retry later 
2023-11-02 14:35:26,964 [INFO] CADModel:165 - CPN selected for project level
2023-11-02 14:35:26,965 [INFO] CADModel:114 - Register for checkConnection events
2023-11-02 14:35:26,966 [FATAL] Updater:308 - Updater called before beeing initialized
2023-11-02 14:35:26,966 [ERROR] CADModel:125 - Updater not yet initialized, retry later 
2023-11-02 14:35:26,969 [FATAL] Updater:308 - Updater called before beeing initialized
2023-11-02 14:35:27,087 [FATAL] Updater:308 - Updater called before beeing initialized
2023-11-02 14:35:27,093 [INFO] DbMcusAds:53 - JSON generation date=Thu Sep 30 02:55:09 EDT 2021 (1632984909247)
2023-11-02 14:35:27,094 [FATAL] Updater:308 - Updater called before beeing initialized
2023-11-02 14:35:27,162 [WARN] DetailPanel:346 - Failed to get advertising image, set to default
2023-11-02 14:35:27,274 [FATAL] Updater:308 - Updater called before beeing initialized
2023-11-02 14:35:27,276 [FATAL] Updater:308 - Updater called before beeing initialized
2023-11-02 14:35:27,277 [FATAL] Updater:308 - Updater called before beeing initialized
2023-11-02 14:35:27,277 [WARN] DetailPanel:346 - Failed to get advertising image, set to default
2023-11-02 14:35:27,278 [FATAL] Updater:308 - Updater called before beeing initialized
2023-11-02 14:35:27,330 [ERROR] Updater:1120 - MainUpdater not yet initialized. External WinMGr cannot be set.
2023-11-02 14:35:27,339 [INFO] Updater:1056 - Updater Version found : 6.9.1
2023-11-02 14:35:27,354 [INFO] ApplicationProperties:184 - Using Application install path: C:\ST\STM32CubeIDE_1.13.1\STM32CubeIDE\plugins\com.st.stm32cube.common.mx_6.9.1.202307191849
2023-11-02 14:35:27,385 [INFO] MainUpdater:521 - Copy updater definitions from MX database
2023-11-02 14:35:27,413 [INFO] MainUpdater:554 - Copy flag file definitions from MX database
2023-11-02 14:35:27,415 [INFO] MainUpdater:570 - Copy thirdparty index definitions from MX database
2023-11-02 14:35:27,416 [INFO] MainUpdater:589 - Copy default thirdparty db definitions from MX database
2023-11-02 14:35:27,613 [INFO] MainUpdater:2868 - connection check result : 10
2023-11-02 14:35:27,614 [INFO] MainUpdater:3562 - Updater definition file requires update
2023-11-02 14:35:27,615 [INFO] MainUpdater:285 - Updater Check For Update Now.
2023-11-02 14:35:27,616 [INFO] MicroXplorer:498 - Change Database Version : DB.6.0.91
2023-11-02 14:35:27,628 [INFO] McuFinderGlobals:63 - Set McuFinder mode to 2 (CubeIDE integrated)
2023-11-02 14:35:27,628 [INFO] UserAuth:179 - activating auth plugin
2023-11-02 14:35:27,628 [INFO] McuFinderGlobals:63 - Set McuFinder mode to 2 (CubeIDE integrated)
2023-11-02 14:35:27,630 [INFO] UserAuth:179 - activating auth plugin
2023-11-02 14:35:27,635 [INFO] ServerAccessManage:473 - Download File updaters.zip
2023-11-02 14:35:27,636 [INFO] UserAuth:393 - Internet connection configuration mode: 1
2023-11-02 14:35:27,636 [INFO] UserAuth:393 - Internet connection configuration mode: 1
2023-11-02 14:35:27,656 [INFO] JxBrowserEngine:151 - Initiate JxBrowser Engine with user profile folder
2023-11-02 14:35:27,703 [WARN] MainUpdater:1189 - Updater busy. Cannot search thirdparties
2023-11-02 14:35:27,704 [INFO] ThirdPartyUpdaterWithRetryManager:96 - Updater plugin is busy. [1/15]
2023-11-02 14:35:27,720 [INFO] FileExtend:240 - Unzip File : updaters.zip
2023-11-02 14:35:27,721 [INFO] FileExtend:255 - Standard Zip Deflate
2023-11-02 14:35:27,949 [INFO] ServerAccessManage:473 - Download File PacksControlFlags.xml
2023-11-02 14:35:28,003 [INFO] ServerAccessManage:473 - Download File cubemx.pidx
2023-11-02 14:35:28,111 [INFO] ServerAccessManage:473 - Download File STMicroelectronics.FP-ATR-ASTRA1.pdsc
2023-11-02 14:35:28,196 [INFO] ServerAccessManage:473 - Download File STMicroelectronics.FP-ATR-SIGFOX1.pdsc
2023-11-02 14:35:28,241 [INFO] ServerAccessManage:473 - Download File STMicroelectronics.FP-SNS-FLIGHT1.pdsc
2023-11-02 14:35:28,329 [INFO] ServerAccessManage:473 - Download File STMicroelectronics.FP-SNS-MOTENV1.pdsc
2023-11-02 14:35:28,409 [INFO] ServerAccessManage:473 - Download File STMicroelectronics.FP-SNS-SMARTAG2.pdsc
2023-11-02 14:35:28,462 [INFO] ServerAccessManage:473 - Download File STMicroelectronics.X-CUBE-AI.pdsc
2023-11-02 14:35:28,723 [INFO] ServerAccessManage:473 - Download File STMicroelectronics.X-CUBE-ALS.pdsc
2023-11-02 14:35:28,788 [INFO] ServerAccessManage:473 - Download File STMicroelectronics.X-CUBE-BLE1.pdsc
2023-11-02 14:35:29,421 [ERROR] ServerAccessManage:1089 - Problem, file not found on Server
2023-11-02 14:35:29,438 [INFO] ServerAccessManage:473 - Download File STMicroelectronics.X-CUBE-BLE2.pdsc
2023-11-02 14:35:29,585 [INFO] ServerAccessManage:473 - Download File STMicroelectronics.X-CUBE-BLEMGR.pdsc
2023-11-02 14:35:29,710 [INFO] ServerAccessManage:473 - Download File STMicroelectronics.X-CUBE-DISPLAY.pdsc
2023-11-02 14:35:29,835 [INFO] ServerAccessManage:473 - Download File STMicroelectronics.X-CUBE-EEPRMA1.pdsc
2023-11-02 14:35:30,318 [ERROR] ServerAccessManage:1089 - Problem, file not found on Server
2023-11-02 14:35:30,382 [INFO] ServerAccessManage:473 - Download File STMicroelectronics.X-CUBE-FREERTOS.pdsc
2023-11-02 14:35:30,461 [INFO] ServerAccessManage:473 - Download File STMicroelectronics.X-CUBE-GNSS1.pdsc
2023-11-02 14:35:30,707 [WARN] MainUpdater:1189 - Updater busy. Cannot search thirdparties
2023-11-02 14:35:30,707 [INFO] ThirdPartyUpdaterWithRetryManager:96 - Updater plugin is busy. [2/15]
2023-11-02 14:35:31,032 [ERROR] ServerAccessManage:1089 - Problem, file not found on Server
2023-11-02 14:35:31,397 [ERROR] ServerAccessManage:1089 - Problem, file not found on Server
2023-11-02 14:35:31,757 [ERROR] ServerAccessManage:1089 - Problem, file not found on Server
2023-11-02 14:35:32,109 [ERROR] ServerAccessManage:1089 - Problem, file not found on Server
2023-11-02 14:35:32,419 [INFO] WebApp:157 - Instantiating new browser for Auth
2023-11-02 14:35:32,470 [ERROR] ServerAccessManage:1089 - Problem, file not found on Server
2023-11-02 14:35:32,596 [ERROR] ServerAccessManage:1089 - Problem, file not found on Server
2023-11-02 14:35:32,611 [INFO] ServerAccessManage:473 - Download File STMicroelectronics.X-CUBE-ISPU.pdsc
2023-11-02 14:35:32,682 [INFO] ServerAccessManage:473 - Download File STMicroelectronics.X-CUBE-MEMS1.pdsc
2023-11-02 14:35:32,926 [INFO] WebApp:753 - Register for checkConnection events
2023-11-02 14:35:32,927 [INFO] WebApp:390 - Apply proxy settings
2023-11-02 14:35:32,927 [INFO] WebApp:475 - Chromium requires no authentication
2023-11-02 14:35:32,934 [INFO] WebApp:418 - Direct internet connection detected
2023-11-02 14:35:33,098 [INFO] WebApp:188 - Starting web application
2023-11-02 14:35:33,099 [INFO] WebApp:520 - Web application path used C:\ST\STM32CubeIDE_1.13.1\STM32CubeIDE\plugins\com.st.stm32cube.common.mx_6.9.1.202307191849\db\plugins\mcufinder\reactClient1\index.html
2023-11-02 14:35:33,124 [INFO] ServerAccessManage:473 - Download File STMicroelectronics.X-CUBE-NFC4.pdsc
2023-11-02 14:35:33,360 [INFO] ServerAccessManage:473 - Download File STMicroelectronics.X-CUBE-NFC6.pdsc
2023-11-02 14:35:33,466 [INFO] ServerAccessManage:473 - Download File STMicroelectronics.X-CUBE-NFC7.pdsc
2023-11-02 14:35:33,593 [INFO] ServerAccessManage:473 - Download File STMicroelectronics.X-CUBE-SFXS2LP1.pdsc
2023-11-02 14:35:33,710 [WARN] MainUpdater:1189 - Updater busy. Cannot search thirdparties
2023-11-02 14:35:33,711 [INFO] ThirdPartyUpdaterWithRetryManager:96 - Updater plugin is busy. [3/15]
2023-11-02 14:35:33,722 [INFO] ServerAccessManage:473 - Download File STMicroelectronics.X-CUBE-SUBG2.pdsc
2023-11-02 14:35:33,912 [INFO] ServerAccessManage:473 - Download File STMicroelectronics.X-CUBE-SMBUS.pdsc
2023-11-02 14:35:34,313 [ERROR] ServerAccessManage:1089 - Problem, file not found on Server
2023-11-02 14:35:34,330 [INFO] ServerAccessManage:473 - Download File STMicroelectronics.X-CUBE-TOF1.pdsc
2023-11-02 14:35:34,889 [ERROR] ServerAccessManage:1089 - Problem, file not found on Server
2023-11-02 14:35:34,919 [INFO] ServerAccessManage:473 - Download File STMicroelectronics.X-CUBE-TOUCHGFX.pdsc
2023-11-02 14:35:35,229 [INFO] ServerAccessManage:473 - Download File STMicroelectronics.X-CUBE-ALGOBUILD.pdsc
2023-11-02 14:35:35,337 [INFO] ServerAccessManage:473 - Download File STMicroelectronics.X-CUBE-AZRTOS-H7.pdsc
2023-11-02 14:35:35,478 [INFO] ServerAccessManage:473 - Download File STMicroelectronics.X-CUBE-AZRTOS-F4.pdsc
2023-11-02 14:35:35,555 [INFO] ServerAccessManage:473 - Download File STMicroelectronics.X-CUBE-AZRTOS-F7.pdsc
2023-11-02 14:35:35,636 [INFO] ServerAccessManage:473 - Download File STMicroelectronics.X-CUBE-AZRTOS-L4.pdsc
2023-11-02 14:35:35,717 [INFO] ServerAccessManage:473 - Download File STMicroelectronics.X-CUBE-AZRTOS-L5.pdsc
2023-11-02 14:35:35,810 [INFO] ServerAccessManage:473 - Download File STMicroelectronics.X-CUBE-AZRTOS-G0.pdsc
2023-11-02 14:35:35,898 [INFO] ServerAccessManage:473 - Download File STMicroelectronics.X-CUBE-AZRTOS-G4.pdsc
2023-11-02 14:35:35,977 [INFO] ServerAccessManage:473 - Download File STMicroelectronics.X-CUBE-AZRTOS-WB.pdsc
2023-11-02 14:35:36,052 [INFO] ServerAccessManage:473 - Download File STMicroelectronics.X-CUBE-AZRTOS-WL.pdsc
2023-11-02 14:35:36,506 [INFO] ServerAccessManage:473 - Download File wolfSSL.I-CUBE-wolfSSL.pdsc
2023-11-02 14:35:36,711 [WARN] MainUpdater:1189 - Updater busy. Cannot search thirdparties
2023-11-02 14:35:36,711 [INFO] ThirdPartyUpdaterWithRetryManager:96 - Updater plugin is busy. [4/15]
2023-11-02 14:35:39,714 [WARN] MainUpdater:1189 - Updater busy. Cannot search thirdparties
2023-11-02 14:35:39,714 [INFO] ThirdPartyUpdaterWithRetryManager:96 - Updater plugin is busy. [5/15]
2023-11-02 14:35:41,145 [ERROR] ServerAccessManage:1089 - Problem, file not found on Server
2023-11-02 14:35:41,579 [ERROR] ServerAccessManage:1089 - Problem, file not found on Server
2023-11-02 14:35:41,988 [ERROR] ServerAccessManage:1089 - Problem, file not found on Server
2023-11-02 14:35:42,291 [ERROR] ServerAccessManage:1096 - Problem, Http access forbiden
2023-11-02 14:35:42,293 [ERROR] ServerAccessManage:651 - Problem, Http access forbiden : RoweBots.I-CUBE-UNISONRTOS.pdsc.
2023-11-02 14:35:42,629 [ERROR] ServerAccessManage:1172 - Problem during Server Connection :  IO error PKIX path building failed: sun.security.provider.certpath.SunCertPathBuilderException: unable to find valid certification path to requested target
2023-11-02 14:35:42,630 [ERROR] ServerAccessManage:651 - Problem during Server Connection :  : SEGGER.I-CUBE-embOS.pdsc.
2023-11-02 14:35:42,715 [WARN] MainUpdater:1189 - Updater busy. Cannot search thirdparties
2023-11-02 14:35:42,715 [INFO] ThirdPartyUpdaterWithRetryManager:96 - Updater plugin is busy. [6/15]
2023-11-02 14:35:43,290 [INFO] ServerAccessManage:473 - Download File portGmbH.I-Cube-SoM-uGOAL.pdsc
2023-11-02 14:35:44,988 [ERROR] ServerAccessManage:1089 - Problem, file not found on Server
2023-11-02 14:35:45,158 [ERROR] ServerAccessManage:1089 - Problem, file not found on Server
2023-11-02 14:35:45,319 [ERROR] ServerAccessManage:1089 - Problem, file not found on Server
2023-11-02 14:35:45,717 [WARN] MainUpdater:1189 - Updater busy. Cannot search thirdparties
2023-11-02 14:35:45,717 [INFO] ThirdPartyUpdaterWithRetryManager:96 - Updater plugin is busy. [7/15]
2023-11-02 14:35:46,065 [INFO] ServerAccessManage:473 - Download File emotas.I-CUBE-CANOPEN.pdsc
2023-11-02 14:35:47,160 [INFO] ServerAccessManage:473 - Download File WES.I-CUBE-Cesium.pdsc
2023-11-02 14:35:48,651 [ERROR] ServerAccessManage:1089 - Problem, file not found on Server
2023-11-02 14:35:48,719 [WARN] MainUpdater:1189 - Updater busy. Cannot search thirdparties
2023-11-02 14:35:48,719 [INFO] ThirdPartyUpdaterWithRetryManager:96 - Updater plugin is busy. [8/15]
2023-11-02 14:35:49,187 [ERROR] ServerAccessManage:1089 - Problem, file not found on Server
2023-11-02 14:35:49,676 [INFO] ServerAccessManage:473 - Download File ITTIA_DB.I-CUBE-ITTIADB.pdsc
2023-11-02 14:35:51,721 [WARN] MainUpdater:1189 - Updater busy. Cannot search thirdparties
2023-11-02 14:35:51,721 [INFO] ThirdPartyUpdaterWithRetryManager:96 - Updater plugin is busy. [9/15]
2023-11-02 14:35:52,049 [INFO] ServerAccessManage:473 - Download File Infineon.AIROC-Wi-Fi-Bluetooth-STM32.pdsc
2023-11-02 14:35:53,348 [WARN] PackLoader:240 - Cannot read IP mode file for STMicroelectronics.FP-ATR-ASTRA1.2.0.0
2023-11-02 14:35:53,354 [WARN] PackLoader:240 - Cannot read IP mode file for STMicroelectronics.FP-ATR-SIGFOX1.3.2.0
2023-11-02 14:35:53,361 [WARN] PackLoader:240 - Cannot read IP mode file for STMicroelectronics.FP-SNS-FLIGHT1.5.0.2
2023-11-02 14:35:53,368 [WARN] PackLoader:240 - Cannot read IP mode file for STMicroelectronics.FP-SNS-MOTENV1.4.3.2
2023-11-02 14:35:53,373 [WARN] CheckServerUpdateThread:151 - Open CheckUpdateFile Fail
2023-11-02 14:35:53,376 [WARN] PackLoader:240 - Cannot read IP mode file for STMicroelectronics.FP-SNS-SMARTAG2.1.2.0
2023-11-02 14:35:53,389 [WARN] PackLoader:240 - Cannot read IP mode file for STMicroelectronics.X-CUBE-AI.8.1.0
2023-11-02 14:35:53,399 [WARN] PackLoader:240 - Cannot read IP mode file for STMicroelectronics.X-CUBE-ALS.1.0.1
2023-11-02 14:35:53,406 [WARN] PackLoader:240 - Cannot read IP mode file for STMicroelectronics.X-CUBE-BLE1.7.0.0
2023-11-02 14:35:53,412 [WARN] PackLoader:240 - Cannot read IP mode file for STMicroelectronics.X-CUBE-BLE2.3.3.0
2023-11-02 14:35:53,425 [WARN] PackLoader:240 - Cannot read IP mode file for STMicroelectronics.X-CUBE-BLEMGR.3.0.0
2023-11-02 14:35:53,441 [WARN] PackLoader:240 - Cannot read IP mode file for STMicroelectronics.X-CUBE-DISPLAY.3.0.0
2023-11-02 14:35:53,451 [WARN] PackLoader:240 - Cannot read IP mode file for STMicroelectronics.X-CUBE-EEPRMA1.4.2.0
2023-11-02 14:35:53,458 [WARN] PackLoader:240 - Cannot read IP mode file for STMicroelectronics.X-CUBE-FREERTOS.1.1.0
2023-11-02 14:35:53,473 [WARN] PackLoader:240 - Cannot read IP mode file for STMicroelectronics.X-CUBE-GNSS1.6.0.0
2023-11-02 14:35:53,479 [WARN] PackLoader:240 - Cannot read IP mode file for STMicroelectronics.X-CUBE-ISPU.1.1.0
2023-11-02 14:35:53,503 [INFO] CheckServerUpdateThread:120 - End of CheckServer Thread
2023-11-02 14:35:53,545 [WARN] PackLoader:240 - Cannot read IP mode file for STMicroelectronics.X-CUBE-MEMS1.10.0.0
2023-11-02 14:35:53,753 [WARN] PackLoader:240 - Cannot read IP mode file for STMicroelectronics.X-CUBE-NFC4.3.0.0
2023-11-02 14:35:53,801 [WARN] PackLoader:240 - Cannot read IP mode file for STMicroelectronics.X-CUBE-NFC6.3.0.0
2023-11-02 14:35:53,809 [WARN] PackLoader:240 - Cannot read IP mode file for STMicroelectronics.X-CUBE-NFC7.1.0.1
2023-11-02 14:35:53,815 [WARN] PackLoader:240 - Cannot read IP mode file for STMicroelectronics.X-CUBE-SFXS2LP1.4.0.0
2023-11-02 14:35:53,823 [WARN] PackLoader:240 - Cannot read IP mode file for STMicroelectronics.X-CUBE-SUBG2.5.0.0
2023-11-02 14:35:53,852 [WARN] PackLoader:240 - Cannot read IP mode file for STMicroelectronics.X-CUBE-SMBUS.2.1.0
2023-11-02 14:35:53,860 [WARN] PackLoader:240 - Cannot read IP mode file for STMicroelectronics.X-CUBE-TOF1.3.3.1
2023-11-02 14:35:53,873 [WARN] PackLoader:240 - Cannot read IP mode file for STMicroelectronics.X-CUBE-TOUCHGFX.4.22.1
2023-11-02 14:35:53,878 [WARN] PackLoader:240 - Cannot read IP mode file for STMicroelectronics.X-CUBE-ALGOBUILD.1.3.0
2023-11-02 14:35:53,891 [WARN] ConditionMgr:438 - getConditionDescription Invalid condition id : UX DEVICE CLASS RTOS Condition cause : null
2023-11-02 14:35:53,892 [WARN] ConditionMgr:438 - getConditionDescription Invalid condition id : UX DEVICE CLASS RTOS Condition cause : null
2023-11-02 14:35:53,914 [WARN] PackLoader:240 - Cannot read IP mode file for STMicroelectronics.X-CUBE-AZRTOS-H7.3.1.0
2023-11-02 14:35:53,917 [WARN] ConditionMgr:1039 - genDependencies : Invalid condition id : UX DEVICE CLASS RTOS Condition cause : null
2023-11-02 14:35:53,918 [WARN] ConditionMgr:1039 - genDependencies : Invalid condition id : UX DEVICE CLASS RTOS Condition cause : null
2023-11-02 14:35:53,920 [WARN] ConditionMgr:1039 - genDependencies : Invalid condition id : UX DEVICE CLASS RTOS Condition cause : null
2023-11-02 14:35:53,922 [WARN] ConditionMgr:1039 - genDependencies : Invalid condition id : UX DEVICE CLASS RTOS Condition cause : null
2023-11-02 14:35:53,922 [WARN] ConditionMgr:1039 - genDependencies : Invalid condition id : UX DEVICE CLASS RTOS Condition cause : null
2023-11-02 14:35:53,936 [WARN] PackLoader:240 - Cannot read IP mode file for STMicroelectronics.X-CUBE-AZRTOS-F4.1.1.0
2023-11-02 14:35:53,983 [WARN] PackLoader:240 - Cannot read IP mode file for STMicroelectronics.X-CUBE-AZRTOS-F7.1.1.0
2023-11-02 14:35:53,999 [WARN] ConditionMgr:438 - getConditionDescription Invalid condition id : LAN8742 Phy interface Condition cause : null
2023-11-02 14:35:54,001 [WARN] PackLoader:240 - Cannot read IP mode file for STMicroelectronics.X-CUBE-AZRTOS-L4.2.0.0
2023-11-02 14:35:54,003 [WARN] ConditionMgr:1039 - genDependencies : Invalid condition id : LAN8742 Phy interface Condition cause : null
2023-11-02 14:35:54,003 [WARN] ConditionMgr:1039 - genDependencies : Invalid condition id : LAN8742 Phy interface Condition cause : null
2023-11-02 14:35:54,004 [WARN] ConditionMgr:1039 - genDependencies : Invalid condition id : LAN8742 Phy interface Condition cause : null
2023-11-02 14:35:54,018 [WARN] PackLoader:240 - Cannot read IP mode file for STMicroelectronics.X-CUBE-AZRTOS-L5.2.0.0
2023-11-02 14:35:54,031 [WARN] PackLoader:240 - Cannot read IP mode file for STMicroelectronics.X-CUBE-AZRTOS-G0.1.1.0
2023-11-02 14:35:54,044 [WARN] PackLoader:240 - Cannot read IP mode file for STMicroelectronics.X-CUBE-AZRTOS-G4.2.0.0
2023-11-02 14:35:54,057 [WARN] ConditionMgr:438 - getConditionDescription Invalid condition id : UX DEVICE CLASS RTOS Condition cause : null
2023-11-02 14:35:54,058 [WARN] ConditionMgr:438 - getConditionDescription Invalid condition id : UX DEVICE CLASS RTOS Condition cause : null
2023-11-02 14:35:54,060 [WARN] PackLoader:240 - Cannot read IP mode file for STMicroelectronics.X-CUBE-AZRTOS-WB.2.0.0
2023-11-02 14:35:54,061 [WARN] ConditionMgr:1039 - genDependencies : Invalid condition id : UX DEVICE CLASS RTOS Condition cause : null
2023-11-02 14:35:54,062 [WARN] ConditionMgr:1039 - genDependencies : Invalid condition id : UX DEVICE CLASS RTOS Condition cause : null
2023-11-02 14:35:54,062 [WARN] ConditionMgr:1039 - genDependencies : Invalid condition id : UX DEVICE CLASS RTOS Condition cause : null
2023-11-02 14:35:54,063 [WARN] ConditionMgr:1039 - genDependencies : Invalid condition id : UX DEVICE CLASS RTOS Condition cause : null
2023-11-02 14:35:54,064 [WARN] ConditionMgr:1039 - genDependencies : Invalid condition id : UX DEVICE CLASS RTOS Condition cause : null
2023-11-02 14:35:54,072 [INFO] LogOutputStream:77 - [STDOUT_REDIRECT] 1 : Invalid condition id : UX_CORESTACK_Condition cause : null
2023-11-02 14:35:54,074 [INFO] LogOutputStream:77 - [STDOUT_REDIRECT] 1 : Invalid condition id : UX_CORESTACK_Condition cause : null
2023-11-02 14:35:54,075 [INFO] LogOutputStream:77 - [STDOUT_REDIRECT] 1 : Invalid condition id : UX_CORESTACK_Condition cause : null
2023-11-02 14:35:54,077 [INFO] LogOutputStream:77 - [STDOUT_REDIRECT] 1 : Invalid condition id : UX_CORESTACK_Condition cause : null
2023-11-02 14:35:54,079 [INFO] LogOutputStream:77 - [STDOUT_REDIRECT] 1 : Invalid condition id : UX_CORESTACK_Condition cause : null
2023-11-02 14:35:54,098 [WARN] PackLoader:240 - Cannot read IP mode file for STMicroelectronics.X-CUBE-AZRTOS-WL.2.0.0
2023-11-02 14:35:54,104 [WARN] PackLoader:240 - Cannot read IP mode file for wolfSSL.I-CUBE-wolfSSL.5.6.3
2023-11-02 14:35:54,108 [WARN] PackLoader:240 - Cannot read IP mode file for portGmbH.I-Cube-SoM-uGOAL.1.1.0
2023-11-02 14:35:54,112 [WARN] PackLoader:240 - Cannot read IP mode file for emotas.I-CUBE-CANOPEN.1.3.0
2023-11-02 14:35:54,118 [WARN] PackLoader:240 - Cannot read IP mode file for WES.I-CUBE-Cesium.1.3.0
2023-11-02 14:35:54,122 [WARN] PackLoader:240 - Cannot read IP mode file for ITTIA_DB.I-CUBE-ITTIADB.8.8.0
2023-11-02 14:35:54,132 [WARN] PackLoader:240 - Cannot read IP mode file for Infineon.AIROC-Wi-Fi-Bluetooth-STM32.1.5.1
2023-11-02 14:35:54,136 [INFO] PopulateThirdPartyThread:66 - Ending populate Thread
2023-11-02 14:35:54,138 [INFO] ThirdParty:1030 - CMSIS Pack Vendor :STMicroelectronics X-CUBE-ISPU 1.1.0
2023-11-02 14:35:54,139 [INFO] ThirdParty:1030 - CMSIS Pack Vendor :STMicroelectronics X-CUBE-DISPLAY 3.0.0
2023-11-02 14:35:54,139 [INFO] ThirdParty:1030 - CMSIS Pack Vendor :STMicroelectronics X-CUBE-GNSS1 6.0.0
2023-11-02 14:35:54,139 [INFO] ThirdParty:1030 - CMSIS Pack Vendor :STMicroelectronics X-CUBE-AZRTOS-F4 1.1.0
2023-11-02 14:35:54,140 [INFO] ThirdParty:1030 - CMSIS Pack Vendor :STMicroelectronics FP-ATR-SIGFOX1 3.2.0
2023-11-02 14:35:54,140 [INFO] ThirdParty:1030 - CMSIS Pack Vendor :STMicroelectronics X-CUBE-BLE1 7.0.0
2023-11-02 14:35:54,141 [INFO] ThirdParty:1030 - CMSIS Pack Vendor :wolfSSL I-CUBE-wolfSSL 5.6.3
2023-11-02 14:35:54,141 [INFO] ThirdParty:1030 - CMSIS Pack Vendor :STMicroelectronics X-CUBE-SMBUS 2.1.0
2023-11-02 14:35:54,141 [INFO] ThirdParty:1030 - CMSIS Pack Vendor :STMicroelectronics X-CUBE-AZRTOS-WB 2.0.0
2023-11-02 14:35:54,142 [INFO] ThirdParty:1030 - CMSIS Pack Vendor :emotas I-CUBE-CANOPEN 1.3.0
2023-11-02 14:35:54,142 [INFO] ThirdParty:1030 - CMSIS Pack Vendor :STMicroelectronics X-CUBE-MEMS1 10.0.0
2023-11-02 14:35:54,143 [INFO] ThirdParty:1030 - CMSIS Pack Vendor :STMicroelectronics X-CUBE-FREERTOS 1.1.0
2023-11-02 14:35:54,143 [INFO] ThirdParty:1030 - CMSIS Pack Vendor :STMicroelectronics X-CUBE-NFC7 1.0.1
2023-11-02 14:35:54,143 [INFO] ThirdParty:1030 - CMSIS Pack Vendor :STMicroelectronics X-CUBE-TOUCHGFX 4.22.1
2023-11-02 14:35:54,144 [INFO] ThirdParty:1030 - CMSIS Pack Vendor :STMicroelectronics X-CUBE-AZRTOS-F7 1.1.0
2023-11-02 14:35:54,145 [INFO] ThirdParty:1030 - CMSIS Pack Vendor :STMicroelectronics X-CUBE-AZRTOS-L5 2.0.0
2023-11-02 14:35:54,145 [INFO] ThirdParty:1030 - CMSIS Pack Vendor :STMicroelectronics X-CUBE-NFC6 3.0.0
2023-11-02 14:35:54,145 [INFO] ThirdParty:1030 - CMSIS Pack Vendor :STMicroelectronics X-CUBE-ALS 1.0.1
2023-11-02 14:35:54,146 [INFO] ThirdParty:1030 - CMSIS Pack Vendor :portGmbH I-Cube-SoM-uGOAL 1.1.0
2023-11-02 14:35:54,147 [INFO] ThirdParty:1030 - CMSIS Pack Vendor :STMicroelectronics X-CUBE-EEPRMA1 4.2.0
2023-11-02 14:35:54,147 [INFO] ThirdParty:1030 - CMSIS Pack Vendor :ITTIA_DB I-CUBE-ITTIADB 8.8.0
2023-11-02 14:35:54,148 [INFO] ThirdParty:1030 - CMSIS Pack Vendor :STMicroelectronics FP-SNS-SMARTAG2 1.2.0
2023-11-02 14:35:54,148 [INFO] ThirdParty:1030 - CMSIS Pack Vendor :STMicroelectronics FP-SNS-MOTENV1 4.3.2
2023-11-02 14:35:54,148 [INFO] ThirdParty:1030 - CMSIS Pack Vendor :STMicroelectronics X-CUBE-ALGOBUILD 1.3.0
2023-11-02 14:35:54,149 [INFO] ThirdParty:1030 - CMSIS Pack Vendor :STMicroelectronics X-CUBE-AZRTOS-WL 2.0.0
2023-11-02 14:35:54,149 [INFO] ThirdParty:1030 - CMSIS Pack Vendor :STMicroelectronics X-CUBE-AZRTOS-G0 1.1.0
2023-11-02 14:35:54,150 [INFO] ThirdParty:1030 - CMSIS Pack Vendor :STMicroelectronics X-CUBE-AI 8.1.0
2023-11-02 14:35:54,150 [INFO] ThirdParty:1030 - CMSIS Pack Vendor :STMicroelectronics X-CUBE-NFC4 3.0.0
2023-11-02 14:35:54,151 [INFO] ThirdParty:1030 - CMSIS Pack Vendor :STMicroelectronics X-CUBE-SUBG2 5.0.0
2023-11-02 14:35:54,153 [INFO] ThirdParty:1030 - CMSIS Pack Vendor :STMicroelectronics X-CUBE-AZRTOS-L4 2.0.0
2023-11-02 14:35:54,158 [INFO] ThirdParty:1030 - CMSIS Pack Vendor :STMicroelectronics FP-ATR-ASTRA1 2.0.0
2023-11-02 14:35:54,162 [INFO] ThirdParty:1030 - CMSIS Pack Vendor :WES I-CUBE-Cesium 1.3.0
2023-11-02 14:35:54,163 [INFO] ThirdParty:1030 - CMSIS Pack Vendor :STMicroelectronics X-CUBE-SFXS2LP1 4.0.0
2023-11-02 14:35:54,164 [INFO] ThirdParty:1030 - CMSIS Pack Vendor :STMicroelectronics FP-SNS-FLIGHT1 5.0.2
2023-11-02 14:35:54,164 [INFO] ThirdParty:1030 - CMSIS Pack Vendor :STMicroelectronics X-CUBE-BLE2 3.3.0
2023-11-02 14:35:54,164 [INFO] ThirdParty:1030 - CMSIS Pack Vendor :STMicroelectronics X-CUBE-TOF1 3.3.1
2023-11-02 14:35:54,165 [INFO] ThirdParty:1030 - CMSIS Pack Vendor :STMicroelectronics X-CUBE-AZRTOS-G4 2.0.0
2023-11-02 14:35:54,165 [INFO] ThirdParty:1030 - CMSIS Pack Vendor :STMicroelectronics X-CUBE-AZRTOS-H7 3.1.0
2023-11-02 14:35:54,165 [INFO] ThirdParty:1030 - CMSIS Pack Vendor :Infineon AIROC-Wi-Fi-Bluetooth-STM32 1.5.1
2023-11-02 14:35:54,166 [INFO] ThirdParty:1030 - CMSIS Pack Vendor :STMicroelectronics X-CUBE-BLEMGR 3.0.0
2023-11-02 14:35:54,167 [INFO] LoadServerUpdatesThread:373 - End of LoadServerUpdate Thread
2023-11-02 14:35:54,814 [WARN] PackLoader:240 - Cannot read IP mode file for STMicroelectronics.X-CUBE-SMBUS.2.1.0
2023-11-02 14:35:54,829 [WARN] PackLoader:240 - Cannot read IP mode file for STMicroelectronics.X-CUBE-AZRTOS-F7.1.1.0
2023-11-02 14:35:54,835 [WARN] PackLoader:240 - Cannot read IP mode file for STMicroelectronics.FP-SNS-MOTENV1.4.3.2
2023-11-02 14:35:54,840 [WARN] PackLoader:240 - Cannot read IP mode file for STMicroelectronics.FP-SNS-FLIGHT1.5.0.2
2023-11-02 14:35:54,845 [WARN] PackLoader:240 - Cannot read IP mode file for STMicroelectronics.X-CUBE-DISPLAY.3.0.0
2023-11-02 14:35:54,852 [WARN] PackLoader:240 - Cannot read IP mode file for STMicroelectronics.X-CUBE-BLE1.7.0.0
2023-11-02 14:35:54,856 [WARN] PackLoader:240 - Cannot read IP mode file for emotas.I-CUBE-CANOPEN.1.3.0
2023-11-02 14:35:54,859 [WARN] PackLoader:240 - Cannot read IP mode file for STMicroelectronics.X-CUBE-TOUCHGFX.4.22.1
2023-11-02 14:35:54,862 [WARN] PackLoader:240 - Cannot read IP mode file for STMicroelectronics.FP-SNS-SMARTAG2.1.2.0
2023-11-02 14:35:54,870 [INFO] LogOutputStream:77 - [STDOUT_REDIRECT] 1 : Invalid condition id : UX_CORESTACK_Condition cause : null
2023-11-02 14:35:54,872 [INFO] LogOutputStream:77 - [STDOUT_REDIRECT] 1 : Invalid condition id : UX_CORESTACK_Condition cause : null
2023-11-02 14:35:54,873 [INFO] LogOutputStream:77 - [STDOUT_REDIRECT] 1 : Invalid condition id : UX_CORESTACK_Condition cause : null
2023-11-02 14:35:54,875 [INFO] LogOutputStream:77 - [STDOUT_REDIRECT] 1 : Invalid condition id : UX_CORESTACK_Condition cause : null
2023-11-02 14:35:54,876 [INFO] LogOutputStream:77 - [STDOUT_REDIRECT] 1 : Invalid condition id : UX_CORESTACK_Condition cause : null
2023-11-02 14:35:54,879 [WARN] PackLoader:240 - Cannot read IP mode file for STMicroelectronics.X-CUBE-AZRTOS-WL.2.0.0
2023-11-02 14:35:54,885 [WARN] PackLoader:240 - Cannot read IP mode file for WES.I-CUBE-Cesium.1.3.0
2023-11-02 14:35:54,889 [WARN] PackLoader:240 - Cannot read IP mode file for STMicroelectronics.X-CUBE-BLE2.3.3.0
2023-11-02 14:35:54,894 [WARN] PackLoader:240 - Cannot read IP mode file for STMicroelectronics.X-CUBE-ALGOBUILD.1.3.0
2023-11-02 14:35:54,905 [WARN] PackLoader:240 - Cannot read IP mode file for STMicroelectronics.X-CUBE-AZRTOS-G0.1.1.0
2023-11-02 14:35:54,911 [WARN] PackLoader:240 - Cannot read IP mode file for STMicroelectronics.X-CUBE-NFC4.3.0.0
2023-11-02 14:35:54,918 [WARN] PackLoader:240 - Cannot read IP mode file for STMicroelectronics.X-CUBE-BLEMGR.3.0.0
2023-11-02 14:35:54,938 [WARN] PackLoader:240 - Cannot read IP mode file for STMicroelectronics.FP-ATR-SIGFOX1.3.2.0
2023-11-02 14:35:54,942 [WARN] PackLoader:240 - Cannot read IP mode file for STMicroelectronics.X-CUBE-GNSS1.6.0.0
2023-11-02 14:35:54,954 [WARN] PackLoader:240 - Cannot read IP mode file for STMicroelectronics.X-CUBE-AZRTOS-F4.1.1.0
2023-11-02 14:35:54,961 [WARN] PackLoader:240 - Cannot read IP mode file for wolfSSL.I-CUBE-wolfSSL.5.6.3
2023-11-02 14:35:54,974 [WARN] PackLoader:240 - Cannot read IP mode file for STMicroelectronics.X-CUBE-AZRTOS-L5.2.0.0
2023-11-02 14:35:54,980 [WARN] PackLoader:240 - Cannot read IP mode file for STMicroelectronics.X-CUBE-EEPRMA1.4.2.0
2023-11-02 14:35:54,984 [WARN] PackLoader:240 - Cannot read IP mode file for ITTIA_DB.I-CUBE-ITTIADB.8.8.0
2023-11-02 14:35:54,996 [WARN] ConditionMgr:438 - getConditionDescription Invalid condition id : UX DEVICE CLASS RTOS Condition cause : null
2023-11-02 14:35:54,997 [WARN] ConditionMgr:438 - getConditionDescription Invalid condition id : UX DEVICE CLASS RTOS Condition cause : null
2023-11-02 14:35:55,000 [WARN] PackLoader:240 - Cannot read IP mode file for STMicroelectronics.X-CUBE-AZRTOS-H7.3.1.0
2023-11-02 14:35:55,001 [WARN] ConditionMgr:1039 - genDependencies : Invalid condition id : UX DEVICE CLASS RTOS Condition cause : null
2023-11-02 14:35:55,002 [WARN] ConditionMgr:1039 - genDependencies : Invalid condition id : UX DEVICE CLASS RTOS Condition cause : null
2023-11-02 14:35:55,002 [WARN] ConditionMgr:1039 - genDependencies : Invalid condition id : UX DEVICE CLASS RTOS Condition cause : null
2023-11-02 14:35:55,003 [WARN] ConditionMgr:1039 - genDependencies : Invalid condition id : UX DEVICE CLASS RTOS Condition cause : null
2023-11-02 14:35:55,004 [WARN] ConditionMgr:1039 - genDependencies : Invalid condition id : UX DEVICE CLASS RTOS Condition cause : null
2023-11-02 14:35:55,009 [WARN] PackLoader:240 - Cannot read IP mode file for STMicroelectronics.X-CUBE-NFC7.1.0.1
2023-11-02 14:35:55,015 [WARN] PackLoader:240 - Cannot read IP mode file for STMicroelectronics.X-CUBE-NFC6.3.0.0
2023-11-02 14:35:55,020 [WARN] PackLoader:240 - Cannot read IP mode file for STMicroelectronics.X-CUBE-AI.8.1.0
2023-11-02 14:35:55,036 [WARN] ConditionMgr:438 - getConditionDescription Invalid condition id : LAN8742 Phy interface Condition cause : null
2023-11-02 14:35:55,036 [WARN] PackLoader:240 - Cannot read IP mode file for STMicroelectronics.X-CUBE-AZRTOS-L4.2.0.0
2023-11-02 14:35:55,038 [WARN] ConditionMgr:1039 - genDependencies : Invalid condition id : LAN8742 Phy interface Condition cause : null
2023-11-02 14:35:55,038 [WARN] ConditionMgr:1039 - genDependencies : Invalid condition id : LAN8742 Phy interface Condition cause : null
2023-11-02 14:35:55,039 [WARN] ConditionMgr:1039 - genDependencies : Invalid condition id : LAN8742 Phy interface Condition cause : null
2023-11-02 14:35:55,070 [WARN] PackLoader:240 - Cannot read IP mode file for STMicroelectronics.X-CUBE-SFXS2LP1.4.0.0
2023-11-02 14:35:55,075 [WARN] PackLoader:240 - Cannot read IP mode file for STMicroelectronics.X-CUBE-ISPU.1.1.0
2023-11-02 14:35:55,084 [WARN] ConditionMgr:438 - getConditionDescription Invalid condition id : UX DEVICE CLASS RTOS Condition cause : null
2023-11-02 14:35:55,084 [WARN] ConditionMgr:438 - getConditionDescription Invalid condition id : UX DEVICE CLASS RTOS Condition cause : null
2023-11-02 14:35:55,086 [WARN] PackLoader:240 - Cannot read IP mode file for STMicroelectronics.X-CUBE-AZRTOS-WB.2.0.0
2023-11-02 14:35:55,087 [WARN] ConditionMgr:1039 - genDependencies : Invalid condition id : UX DEVICE CLASS RTOS Condition cause : null
2023-11-02 14:35:55,088 [WARN] ConditionMgr:1039 - genDependencies : Invalid condition id : UX DEVICE CLASS RTOS Condition cause : null
2023-11-02 14:35:55,089 [WARN] ConditionMgr:1039 - genDependencies : Invalid condition id : UX DEVICE CLASS RTOS Condition cause : null
2023-11-02 14:35:55,090 [WARN] ConditionMgr:1039 - genDependencies : Invalid condition id : UX DEVICE CLASS RTOS Condition cause : null
2023-11-02 14:35:55,090 [WARN] ConditionMgr:1039 - genDependencies : Invalid condition id : UX DEVICE CLASS RTOS Condition cause : null
2023-11-02 14:35:55,101 [WARN] PackLoader:240 - Cannot read IP mode file for STMicroelectronics.X-CUBE-SUBG2.5.0.0
2023-11-02 14:35:55,111 [WARN] PackLoader:240 - Cannot read IP mode file for STMicroelectronics.X-CUBE-TOF1.3.3.1
2023-11-02 14:35:55,127 [WARN] PackLoader:240 - Cannot read IP mode file for STMicroelectronics.X-CUBE-AZRTOS-G4.2.0.0
2023-11-02 14:35:55,139 [WARN] PackLoader:240 - Cannot read IP mode file for Infineon.AIROC-Wi-Fi-Bluetooth-STM32.1.5.1
2023-11-02 14:35:55,170 [WARN] PackLoader:240 - Cannot read IP mode file for STMicroelectronics.X-CUBE-MEMS1.10.0.0
2023-11-02 14:35:55,280 [WARN] PackLoader:240 - Cannot read IP mode file for STMicroelectronics.X-CUBE-FREERTOS.1.1.0
2023-11-02 14:35:55,285 [WARN] PackLoader:240 - Cannot read IP mode file for portGmbH.I-Cube-SoM-uGOAL.1.1.0
2023-11-02 14:35:55,289 [WARN] PackLoader:240 - Cannot read IP mode file for STMicroelectronics.X-CUBE-ALS.1.0.1
2023-11-02 14:35:55,320 [WARN] PackLoader:240 - Cannot read IP mode file for STMicroelectronics.FP-ATR-ASTRA1.2.0.0
2023-11-02 14:35:55,321 [INFO] ThirdParty:978 - Integrity check success = true
2023-11-02 14:35:55,322 [INFO] IntegrityCheckThread:100 - exiting critical section [integrity check]
2023-11-02 14:35:55,322 [INFO] IntegrityCheckThread:103 - End integrity checks thread
2023-11-02 14:36:26,380 [INFO] Activator:176 - 


2023-11-02 14:36:26,382 [INFO] Activator:177 - !SESSION log4j initialized
2023-11-02 14:36:31,533 [INFO] LogOutputStream:77 - [STDOUT_REDIRECT] 
2023-11-02 14:36:33,301 [INFO] ApplicationProperties:184 - Using Application install path: C:\ST\STM32CubeIDE_1.13.1\STM32CubeIDE\plugins\com.st.stm32cube.common.mx_6.9.1.202307191849
2023-11-02 14:36:33,317 [INFO] DbMcusXml:78 - Set database path to: C:\ST\STM32CubeIDE_1.13.1\STM32CubeIDE\plugins\com.st.stm32cube.common.mx_6.9.1.202307191849\\db\/mcu/
2023-11-02 14:36:33,318 [INFO] ApiDb:274 - Set plugin database path to: C:\ST\STM32CubeIDE_1.13.1\STM32CubeIDE\plugins\com.st.stm32cube.common.mx_6.9.1.202307191849\\db\/plugins/boardmanager/
2023-11-02 14:36:33,319 [WARN] ApiDb:259 - Overriding images path with different value:  => C:\ST\STM32CubeIDE_1.13.1\STM32CubeIDE\plugins\com.st.stm32cube.common.mx_6.9.1.202307191849\\db\/plugins/mcufinder/images/
2023-11-02 14:36:33,327 [INFO] ApiDb:250 - Set database path to: C:\Users\juntch\.stmcufinder\plugins\mcufinder//mcu/
2023-11-02 14:36:33,329 [INFO] DbMcusAds:125 - Set database path to: C:\Users\juntch\.stmcufinder\plugins\mcufinder//mcu/
2023-11-02 14:36:33,332 [INFO] CrossReferenceDbSqlite:203 - Set database path to: C:\Users\juntch\.stmcufinder\plugins\mcufinder//mcu/cs/
2023-11-02 14:36:33,439 [INFO] RulesReader:64 - Compatibility file has been processed (293 Rules)
2023-11-02 14:36:33,521 [INFO] DbMcusXml:78 - Set database path to: C:\ST\STM32CubeIDE_1.13.1\STM32CubeIDE\plugins\com.st.stm32cube.common.mx_6.9.1.202307191849\\db\/mcu/
2023-11-02 14:36:33,522 [INFO] ApiDb:274 - Set plugin database path to: C:\ST\STM32CubeIDE_1.13.1\STM32CubeIDE\plugins\com.st.stm32cube.common.mx_6.9.1.202307191849\\db\/plugins/boardmanager/
2023-11-02 14:36:33,523 [INFO] ApiDb:261 - Set plugin images path to: C:\ST\STM32CubeIDE_1.13.1\STM32CubeIDE\plugins\com.st.stm32cube.common.mx_6.9.1.202307191849\\db\/plugins/mcufinder/images/
2023-11-02 14:36:33,523 [WARN] DbFile:41 - Overriding database path with different value: C:\Users\juntch\.stmcufinder\plugins\mcufinder/ => C:\Users\juntch\.stmcufinder\plugins\mcufinder
2023-11-02 14:36:33,524 [INFO] ApiDb:250 - Set database path to: C:\Users\juntch\.stmcufinder\plugins\mcufinder//mcu/
2023-11-02 14:36:33,524 [WARN] DbFile:41 - Overriding database path with different value: C:\Users\juntch\.stmcufinder\plugins\mcufinder/ => C:\Users\juntch\.stmcufinder\plugins\mcufinder
2023-11-02 14:36:33,525 [INFO] DbMcusAds:125 - Set database path to: C:\Users\juntch\.stmcufinder\plugins\mcufinder//mcu/
2023-11-02 14:36:33,525 [WARN] DbFile:41 - Overriding database path with different value: C:\Users\juntch\.stmcufinder\plugins\mcufinder/ => C:\Users\juntch\.stmcufinder\plugins\mcufinder
2023-11-02 14:36:33,525 [WARN] DbFile:41 - Overriding database path with different value: C:\Users\juntch\.stmcufinder\plugins\mcufinder/ => C:\Users\juntch\.stmcufinder\plugins\mcufinder
2023-11-02 14:36:33,526 [INFO] CrossReferenceDbSqlite:203 - Set database path to: C:\Users\juntch\.stmcufinder\plugins\mcufinder//mcu/cs/
2023-11-02 14:36:33,587 [INFO] MainPanel:262 - HeapMemory: 268435456
2023-11-02 14:36:33,652 [INFO] DbMcusXml:78 - Set database path to: C:\ST\STM32CubeIDE_1.13.1\STM32CubeIDE\plugins\com.st.stm32cube.common.mx_6.9.1.202307191849\\db\/mcu/
2023-11-02 14:36:33,653 [INFO] ApiDb:274 - Set plugin database path to: C:\ST\STM32CubeIDE_1.13.1\STM32CubeIDE\plugins\com.st.stm32cube.common.mx_6.9.1.202307191849\\db\/plugins/boardmanager/
2023-11-02 14:36:33,653 [INFO] ApiDb:261 - Set plugin images path to: C:\ST\STM32CubeIDE_1.13.1\STM32CubeIDE\plugins\com.st.stm32cube.common.mx_6.9.1.202307191849\\db\/plugins/mcufinder/images/
2023-11-02 14:36:33,654 [WARN] DbFile:41 - Overriding database path with different value: C:\Users\juntch\.stmcufinder\plugins\mcufinder/ => C:\Users\juntch\.stmcufinder\plugins\mcufinder
2023-11-02 14:36:33,655 [INFO] ApiDb:250 - Set database path to: C:\Users\juntch\.stmcufinder\plugins\mcufinder//mcu/
2023-11-02 14:36:33,655 [WARN] DbFile:41 - Overriding database path with different value: C:\Users\juntch\.stmcufinder\plugins\mcufinder/ => C:\Users\juntch\.stmcufinder\plugins\mcufinder
2023-11-02 14:36:33,656 [INFO] DbMcusAds:125 - Set database path to: C:\Users\juntch\.stmcufinder\plugins\mcufinder//mcu/
2023-11-02 14:36:33,656 [WARN] DbFile:41 - Overriding database path with different value: C:\Users\juntch\.stmcufinder\plugins\mcufinder/ => C:\Users\juntch\.stmcufinder\plugins\mcufinder
2023-11-02 14:36:33,656 [WARN] DbFile:41 - Overriding database path with different value: C:\Users\juntch\.stmcufinder\plugins\mcufinder/ => C:\Users\juntch\.stmcufinder\plugins\mcufinder
2023-11-02 14:36:33,657 [INFO] CrossReferenceDbSqlite:203 - Set database path to: C:\Users\juntch\.stmcufinder\plugins\mcufinder//mcu/cs/
2023-11-02 14:36:33,671 [INFO] ApplicationProperties:184 - Using Application install path: C:\ST\STM32CubeIDE_1.13.1\STM32CubeIDE\plugins\com.st.stm32cube.common.mx_6.9.1.202307191849
2023-11-02 14:36:33,673 [INFO] PluginManage:196 - Search for loadable plugins [exclusion list=, ]
2023-11-02 14:36:33,674 [INFO] PluginManage:310 - Check plugin analytics
2023-11-02 14:36:33,824 [INFO] AnalyticsPlugin:253 - Accepted Software Licenses: 
2023-11-02 14:36:33,825 [INFO] AnalyticsPlugin:255 - Accepted CMSIS Pack Licenses: 
2023-11-02 14:36:33,825 [INFO] AnalyticsPlugin:257 - Accepted Firmware Licenses: 
2023-11-02 14:36:33,829 [INFO] PluginManage:359 - Loaded plugin analytics (category:tool,tabindex:-1)
2023-11-02 14:36:33,830 [INFO] PluginManage:310 - Check plugin cadmodel
2023-11-02 14:36:33,834 [INFO] CADModel:105 - Init CAD model plugin
2023-11-02 14:36:33,834 [INFO] PluginManage:359 - Loaded plugin cadmodel (category:power,tabindex:5)
2023-11-02 14:36:33,835 [INFO] PluginManage:310 - Check plugin clock
2023-11-02 14:36:33,844 [INFO] PluginManage:359 - Loaded plugin clock (category:base,tabindex:2)
2023-11-02 14:36:33,844 [INFO] PluginManage:310 - Check plugin ddr
2023-11-02 14:36:33,847 [INFO] PluginManage:359 - Loaded plugin ddr (category:tool,tabindex:6)
2023-11-02 14:36:33,847 [INFO] PluginManage:310 - Check plugin filemanager
2023-11-02 14:36:33,961 [INFO] PluginManage:359 - Loaded plugin filemanager (category:base,tabindex:10)
2023-11-02 14:36:33,961 [INFO] PluginManage:310 - Check plugin ipmanager
2023-11-02 14:36:33,968 [INFO] PluginManage:359 - Loaded plugin ipmanager (category:base,tabindex:5)
2023-11-02 14:36:33,968 [INFO] PluginManage:310 - Check plugin lpbam
2023-11-02 14:36:33,976 [INFO] PluginManage:359 - Loaded plugin lpbam (category:base,tabindex:0)
2023-11-02 14:36:33,977 [INFO] PluginManage:310 - Check plugin memorymap
2023-11-02 14:36:33,989 [INFO] PluginManage:359 - Loaded plugin memorymap (category:base,tabindex:4)
2023-11-02 14:36:33,990 [INFO] PluginManage:310 - Check plugin pinoutandconfiguration
2023-11-02 14:36:33,997 [INFO] PluginManage:359 - Loaded plugin pinoutandconfiguration (category:base,tabindex:1)
2023-11-02 14:36:33,998 [INFO] PluginManage:310 - Check plugin pinoutconfig
2023-11-02 14:36:34,078 [WARN] SupportedApi:132 - Cannot load RTOS API schema: s4s-elt-must-match.1: The content of 'definitions' must match (annotation?, (simpleType | complexType)?, (unique | key | keyref)*)). A problem was found starting at: attribute.
2023-11-02 14:36:34,209 [INFO] PluginManage:359 - Loaded plugin pinoutconfig (category:base,tabindex:0)
2023-11-02 14:36:34,210 [INFO] PluginManage:310 - Check plugin power
2023-11-02 14:36:34,219 [INFO] PluginManage:359 - Loaded plugin power (category:power,tabindex:4)
2023-11-02 14:36:34,219 [INFO] PluginManage:310 - Check plugin projectmanager
2023-11-02 14:36:34,235 [INFO] PluginManage:359 - Loaded plugin projectmanager (category:projectmanager,tabindex:3)
2023-11-02 14:36:34,235 [INFO] PluginManage:310 - Check plugin thirdparty
2023-11-02 14:36:34,354 [INFO] PluginManage:359 - Loaded plugin thirdparty (category:base,tabindex:-1)
2023-11-02 14:36:34,354 [WARN] IntegrityCheckThread:84 - waiting for thirdparty lock release [integrity check]
2023-11-02 14:36:34,355 [INFO] IntegrityCheckThread:86 - entering critical section [integrity check]
2023-11-02 14:36:34,355 [INFO] PluginManage:310 - Check plugin tools
2023-11-02 14:36:34,356 [INFO] ThirdPartyUpdaterWithRetryManager:70 - Updater plugin not ready yet. [1/15]
2023-11-02 14:36:34,360 [INFO] PluginManage:359 - Loaded plugin tools (category:base,tabindex:7)
2023-11-02 14:36:34,360 [INFO] PluginManage:310 - Check plugin tutovideos
2023-11-02 14:36:34,508 [INFO] PluginManage:359 - Loaded plugin tutovideos (category:base,tabindex:-1)
2023-11-02 14:36:34,509 [INFO] PluginManage:310 - Check plugin updater
2023-11-02 14:36:34,518 [INFO] PluginManage:359 - Loaded plugin updater (category:base,tabindex:12)
2023-11-02 14:36:34,519 [INFO] PluginManage:310 - Check plugin userauth
2023-11-02 14:36:34,524 [INFO] UserAuth:113 - Init User Auth plugin
2023-11-02 14:36:34,524 [INFO] PluginManage:359 - Loaded plugin userauth (category:base,tabindex:14)
2023-11-02 14:36:34,525 [INFO] PluginManage:283 - PluginManage : Loaded plugins [17]
2023-11-02 14:36:34,718 [INFO] PinOutPanel:1499 - setPackage(No Configuration,No Configuration)
2023-11-02 14:36:34,814 [INFO] CADModel:165 - CPN selected for project level
2023-11-02 14:36:34,815 [INFO] CADModel:114 - Register for checkConnection events
2023-11-02 14:36:34,832 [INFO] IPUIPlugin:80 - create IPUIPlugin
2023-11-02 14:36:34,833 [INFO] PluginManager:220 - loadIPPluginJar : add adc
2023-11-02 14:36:34,836 [INFO] IPUIPlugin:80 - create IPUIPlugin
2023-11-02 14:36:34,837 [INFO] PluginManager:220 - loadIPPluginJar : add aes
2023-11-02 14:36:34,840 [INFO] IPUIPlugin:80 - create IPUIPlugin
2023-11-02 14:36:34,841 [INFO] PluginManager:220 - loadIPPluginJar : add can
2023-11-02 14:36:34,842 [INFO] IPUIPlugin:80 - create IPUIPlugin
2023-11-02 14:36:34,843 [INFO] PluginManager:220 - loadIPPluginJar : add comp
2023-11-02 14:36:34,846 [INFO] IPUIPlugin:80 - create IPUIPlugin
2023-11-02 14:36:34,847 [INFO] PluginManager:220 - loadIPPluginJar : add cryp
2023-11-02 14:36:34,849 [INFO] IPUIPlugin:80 - create IPUIPlugin
2023-11-02 14:36:34,850 [INFO] PluginManager:220 - loadIPPluginJar : add dfsdm
2023-11-02 14:36:34,855 [INFO] IPUIPlugin:80 - create IPUIPlugin
2023-11-02 14:36:34,856 [INFO] PluginManager:220 - loadIPPluginJar : add dma
2023-11-02 14:36:34,859 [INFO] IPUIPlugin:80 - create IPUIPlugin
2023-11-02 14:36:34,860 [INFO] PluginManager:220 - loadIPPluginJar : add dma3
2023-11-02 14:36:34,861 [INFO] IPUIPlugin:80 - create IPUIPlugin
2023-11-02 14:36:34,862 [INFO] PluginManager:220 - loadIPPluginJar : add fatfs
2023-11-02 14:36:34,866 [INFO] IPUIPlugin:80 - create IPUIPlugin
2023-11-02 14:36:34,867 [INFO] PluginManager:220 - loadIPPluginJar : add fmc
2023-11-02 14:36:34,872 [INFO] IPUIPlugin:80 - create IPUIPlugin
2023-11-02 14:36:34,872 [INFO] PluginManager:220 - loadIPPluginJar : add freertos
2023-11-02 14:36:34,873 [INFO] IPUIPlugin:80 - create IPUIPlugin
2023-11-02 14:36:34,874 [INFO] PluginManager:220 - loadIPPluginJar : add genericplugin
2023-11-02 14:36:34,876 [INFO] IPUIPlugin:80 - create IPUIPlugin
2023-11-02 14:36:34,877 [INFO] PluginManager:220 - loadIPPluginJar : add gfxmmu
2023-11-02 14:36:34,882 [INFO] IPUIPlugin:80 - create IPUIPlugin
2023-11-02 14:36:34,883 [INFO] PluginManager:220 - loadIPPluginJar : add gic
2023-11-02 14:36:34,887 [INFO] IPUIPlugin:80 - create IPUIPlugin
2023-11-02 14:36:34,888 [INFO] PluginManager:220 - loadIPPluginJar : add gpio
2023-11-02 14:36:34,891 [INFO] IPUIPlugin:80 - create IPUIPlugin
2023-11-02 14:36:34,891 [INFO] PluginManager:220 - loadIPPluginJar : add gtzc
2023-11-02 14:36:34,894 [INFO] IPUIPlugin:80 - create IPUIPlugin
2023-11-02 14:36:34,895 [INFO] PluginManager:220 - loadIPPluginJar : add hash
2023-11-02 14:36:34,897 [INFO] IPUIPlugin:80 - create IPUIPlugin
2023-11-02 14:36:34,898 [INFO] PluginManager:220 - loadIPPluginJar : add i2c
2023-11-02 14:36:34,900 [INFO] IPUIPlugin:80 - create IPUIPlugin
2023-11-02 14:36:34,901 [INFO] PluginManager:220 - loadIPPluginJar : add i2s
2023-11-02 14:36:34,904 [INFO] IPUIPlugin:80 - create IPUIPlugin
2023-11-02 14:36:34,904 [INFO] PluginManager:220 - loadIPPluginJar : add i3c
2023-11-02 14:36:34,907 [INFO] IPUIPlugin:80 - create IPUIPlugin
2023-11-02 14:36:34,908 [INFO] PluginManager:220 - loadIPPluginJar : add ipddr
2023-11-02 14:36:34,915 [INFO] IPUIPlugin:80 - create IPUIPlugin
2023-11-02 14:36:34,915 [INFO] PluginManager:220 - loadIPPluginJar : add linkedlist
2023-11-02 14:36:34,919 [INFO] IPUIPlugin:80 - create IPUIPlugin
2023-11-02 14:36:34,919 [INFO] PluginManager:220 - loadIPPluginJar : add lorawan
2023-11-02 14:36:34,921 [INFO] IPUIPlugin:80 - create IPUIPlugin
2023-11-02 14:36:34,921 [INFO] PluginManager:220 - loadIPPluginJar : add ltdc
2023-11-02 14:36:34,927 [INFO] IPUIPlugin:80 - create IPUIPlugin
2023-11-02 14:36:34,928 [INFO] PluginManager:220 - loadIPPluginJar : add mdma
2023-11-02 14:36:34,931 [INFO] IPUIPlugin:80 - create IPUIPlugin
2023-11-02 14:36:34,932 [INFO] PluginManager:220 - loadIPPluginJar : add nvic
2023-11-02 14:36:34,935 [INFO] IPUIPlugin:80 - create IPUIPlugin
2023-11-02 14:36:34,936 [INFO] PluginManager:220 - loadIPPluginJar : add opamp
2023-11-02 14:36:34,939 [INFO] IPUIPlugin:80 - create IPUIPlugin
2023-11-02 14:36:34,939 [INFO] PluginManager:220 - loadIPPluginJar : add openamp
2023-11-02 14:36:34,943 [INFO] IPUIPlugin:80 - create IPUIPlugin
2023-11-02 14:36:34,943 [INFO] PluginManager:220 - loadIPPluginJar : add pdm2pcm
2023-11-02 14:36:34,950 [INFO] IPUIPlugin:80 - create IPUIPlugin
2023-11-02 14:36:34,954 [INFO] PluginManager:220 - loadIPPluginJar : add plateformsettings
2023-11-02 14:36:34,956 [INFO] IPUIPlugin:80 - create IPUIPlugin
2023-11-02 14:36:34,956 [INFO] PluginManager:220 - loadIPPluginJar : add quadspi
2023-11-02 14:36:34,960 [INFO] IPUIPlugin:80 - create IPUIPlugin
2023-11-02 14:36:34,960 [INFO] PluginManager:220 - loadIPPluginJar : add resmgrutility
2023-11-02 14:36:34,964 [INFO] IPUIPlugin:80 - create IPUIPlugin
2023-11-02 14:36:34,964 [INFO] PluginManager:220 - loadIPPluginJar : add sai
2023-11-02 14:36:34,995 [INFO] IPUIPlugin:80 - create IPUIPlugin
2023-11-02 14:36:34,996 [INFO] PluginManager:220 - loadIPPluginJar : add spi
2023-11-02 14:36:35,003 [INFO] IPUIPlugin:80 - create IPUIPlugin
2023-11-02 14:36:35,003 [INFO] PluginManager:220 - loadIPPluginJar : add stm32_wpan
2023-11-02 14:36:35,006 [INFO] IPUIPlugin:80 - create IPUIPlugin
2023-11-02 14:36:35,008 [INFO] PluginManager:220 - loadIPPluginJar : add tim
2023-11-02 14:36:35,026 [INFO] IPUIPlugin:80 - create IPUIPlugin
2023-11-02 14:36:35,027 [INFO] PluginManager:220 - loadIPPluginJar : add touchsensing
2023-11-02 14:36:35,030 [INFO] IPUIPlugin:80 - create IPUIPlugin
2023-11-02 14:36:35,031 [INFO] PluginManager:220 - loadIPPluginJar : add tracer_emb
2023-11-02 14:36:35,035 [INFO] IPUIPlugin:80 - create IPUIPlugin
2023-11-02 14:36:35,035 [INFO] PluginManager:220 - loadIPPluginJar : add ts
2023-11-02 14:36:35,038 [INFO] IPUIPlugin:80 - create IPUIPlugin
2023-11-02 14:36:35,039 [INFO] PluginManager:220 - loadIPPluginJar : add tsc
2023-11-02 14:36:35,043 [INFO] IPUIPlugin:80 - create IPUIPlugin
2023-11-02 14:36:35,043 [INFO] PluginManager:220 - loadIPPluginJar : add ucpd
2023-11-02 14:36:35,050 [INFO] IPUIPlugin:80 - create IPUIPlugin
2023-11-02 14:36:35,051 [INFO] PluginManager:220 - loadIPPluginJar : add usart
2023-11-02 14:36:35,057 [INFO] IPUIPlugin:80 - create IPUIPlugin
2023-11-02 14:36:35,057 [INFO] PluginManager:220 - loadIPPluginJar : add usbx
2023-11-02 14:36:35,188 [INFO] CADModel:165 - CPN selected for project level
2023-11-02 14:36:35,188 [INFO] CADModel:114 - Register for checkConnection events
2023-11-02 14:36:35,189 [FATAL] Updater:308 - Updater called before beeing initialized
2023-11-02 14:36:35,189 [ERROR] CADModel:125 - Updater not yet initialized, retry later 
2023-11-02 14:36:35,303 [INFO] CADModel:165 - CPN selected for project level
2023-11-02 14:36:35,304 [INFO] CADModel:114 - Register for checkConnection events
2023-11-02 14:36:35,304 [FATAL] Updater:308 - Updater called before beeing initialized
2023-11-02 14:36:35,304 [ERROR] CADModel:125 - Updater not yet initialized, retry later 
2023-11-02 14:36:35,308 [FATAL] Updater:308 - Updater called before beeing initialized
2023-11-02 14:36:35,403 [FATAL] Updater:308 - Updater called before beeing initialized
2023-11-02 14:36:35,409 [INFO] DbMcusAds:53 - JSON generation date=Thu Sep 30 02:55:09 EDT 2021 (1632984909247)
2023-11-02 14:36:35,409 [FATAL] Updater:308 - Updater called before beeing initialized
2023-11-02 14:36:35,442 [WARN] DetailPanel:346 - Failed to get advertising image, set to default
2023-11-02 14:36:35,534 [FATAL] Updater:308 - Updater called before beeing initialized
2023-11-02 14:36:35,536 [FATAL] Updater:308 - Updater called before beeing initialized
2023-11-02 14:36:35,537 [FATAL] Updater:308 - Updater called before beeing initialized
2023-11-02 14:36:35,537 [WARN] DetailPanel:346 - Failed to get advertising image, set to default
2023-11-02 14:36:35,538 [FATAL] Updater:308 - Updater called before beeing initialized
2023-11-02 14:36:35,579 [ERROR] Updater:1120 - MainUpdater not yet initialized. External WinMGr cannot be set.
2023-11-02 14:36:35,581 [INFO] Updater:1056 - Updater Version found : 6.9.1
2023-11-02 14:36:35,602 [INFO] ApplicationProperties:184 - Using Application install path: C:\ST\STM32CubeIDE_1.13.1\STM32CubeIDE\plugins\com.st.stm32cube.common.mx_6.9.1.202307191849
2023-11-02 14:36:35,754 [INFO] MainUpdater:2868 - connection check result : 10
2023-11-02 14:36:35,756 [INFO] MainUpdater:285 - Updater Check For Update Now.
2023-11-02 14:36:35,756 [INFO] MicroXplorer:498 - Change Database Version : DB.6.0.91
2023-11-02 14:36:35,762 [INFO] McuFinderGlobals:63 - Set McuFinder mode to 2 (CubeIDE integrated)
2023-11-02 14:36:35,763 [INFO] UserAuth:179 - activating auth plugin
2023-11-02 14:36:35,767 [INFO] UserAuth:393 - Internet connection configuration mode: 1
2023-11-02 14:36:35,801 [INFO] JxBrowserEngine:151 - Initiate JxBrowser Engine with user profile folder
2023-11-02 14:36:35,920 [INFO] CheckServerUpdateThread:120 - End of CheckServer Thread
2023-11-02 14:36:36,322 [INFO] WebApp:157 - Instantiating new browser for Auth
2023-11-02 14:36:36,841 [INFO] WebApp:753 - Register for checkConnection events
2023-11-02 14:36:36,841 [INFO] WebApp:390 - Apply proxy settings
2023-11-02 14:36:36,842 [INFO] WebApp:475 - Chromium requires no authentication
2023-11-02 14:36:36,849 [INFO] WebApp:418 - Direct internet connection detected
2023-11-02 14:36:36,984 [INFO] WebApp:188 - Starting web application
2023-11-02 14:36:36,984 [INFO] WebApp:520 - Web application path used C:\ST\STM32CubeIDE_1.13.1\STM32CubeIDE\plugins\com.st.stm32cube.common.mx_6.9.1.202307191849\db\plugins\mcufinder\reactClient1\index.html
2023-11-02 14:36:37,473 [WARN] PackLoader:240 - Cannot read IP mode file for STMicroelectronics.X-CUBE-SMBUS.2.1.0
2023-11-02 14:36:37,503 [WARN] PackLoader:240 - Cannot read IP mode file for STMicroelectronics.X-CUBE-AZRTOS-F7.1.1.0
2023-11-02 14:36:37,513 [WARN] PackLoader:240 - Cannot read IP mode file for STMicroelectronics.FP-SNS-MOTENV1.4.3.2
2023-11-02 14:36:37,519 [WARN] PackLoader:240 - Cannot read IP mode file for STMicroelectronics.FP-SNS-FLIGHT1.5.0.2
2023-11-02 14:36:37,527 [WARN] PackLoader:240 - Cannot read IP mode file for STMicroelectronics.X-CUBE-DISPLAY.3.0.0
2023-11-02 14:36:37,538 [WARN] PackLoader:240 - Cannot read IP mode file for STMicroelectronics.X-CUBE-BLE1.7.0.0
2023-11-02 14:36:37,544 [WARN] PackLoader:240 - Cannot read IP mode file for emotas.I-CUBE-CANOPEN.1.3.0
2023-11-02 14:36:37,548 [WARN] PackLoader:240 - Cannot read IP mode file for STMicroelectronics.X-CUBE-TOUCHGFX.4.22.1
2023-11-02 14:36:37,552 [WARN] PackLoader:240 - Cannot read IP mode file for STMicroelectronics.FP-SNS-SMARTAG2.1.2.0
2023-11-02 14:36:37,564 [INFO] LogOutputStream:77 - [STDOUT_REDIRECT] 1 : Invalid condition id : UX_CORESTACK_Condition cause : null
2023-11-02 14:36:37,564 [INFO] LogOutputStream:77 - [STDOUT_REDIRECT] 1 : Invalid condition id : UX_CORESTACK_Condition cause : null
2023-11-02 14:36:37,566 [INFO] LogOutputStream:77 - [STDOUT_REDIRECT] 1 : Invalid condition id : UX_CORESTACK_Condition cause : null
2023-11-02 14:36:37,567 [INFO] LogOutputStream:77 - [STDOUT_REDIRECT] 1 : Invalid condition id : UX_CORESTACK_Condition cause : null
2023-11-02 14:36:37,569 [INFO] LogOutputStream:77 - [STDOUT_REDIRECT] 1 : Invalid condition id : UX_CORESTACK_Condition cause : null
2023-11-02 14:36:37,573 [WARN] PackLoader:240 - Cannot read IP mode file for STMicroelectronics.X-CUBE-AZRTOS-WL.2.0.0
2023-11-02 14:36:37,581 [WARN] PackLoader:240 - Cannot read IP mode file for WES.I-CUBE-Cesium.1.3.0
2023-11-02 14:36:37,587 [WARN] PackLoader:240 - Cannot read IP mode file for STMicroelectronics.X-CUBE-BLE2.3.3.0
2023-11-02 14:36:37,593 [WARN] PackLoader:240 - Cannot read IP mode file for STMicroelectronics.X-CUBE-ALGOBUILD.1.3.0
2023-11-02 14:36:37,611 [WARN] PackLoader:240 - Cannot read IP mode file for STMicroelectronics.X-CUBE-AZRTOS-G0.1.1.0
2023-11-02 14:36:37,617 [WARN] PackLoader:240 - Cannot read IP mode file for STMicroelectronics.X-CUBE-NFC4.3.0.0
2023-11-02 14:36:37,627 [WARN] PackLoader:240 - Cannot read IP mode file for STMicroelectronics.X-CUBE-BLEMGR.3.0.0
2023-11-02 14:36:37,633 [WARN] PackLoader:240 - Cannot read IP mode file for STMicroelectronics.FP-ATR-SIGFOX1.3.2.0
2023-11-02 14:36:37,637 [WARN] PackLoader:240 - Cannot read IP mode file for STMicroelectronics.X-CUBE-GNSS1.6.0.0
2023-11-02 14:36:37,652 [WARN] PackLoader:240 - Cannot read IP mode file for STMicroelectronics.X-CUBE-AZRTOS-F4.1.1.0
2023-11-02 14:36:37,658 [WARN] PackLoader:240 - Cannot read IP mode file for wolfSSL.I-CUBE-wolfSSL.5.6.3
2023-11-02 14:36:37,697 [WARN] PackLoader:240 - Cannot read IP mode file for STMicroelectronics.X-CUBE-AZRTOS-L5.2.0.0
2023-11-02 14:36:37,704 [WARN] PackLoader:240 - Cannot read IP mode file for STMicroelectronics.X-CUBE-EEPRMA1.4.2.0
2023-11-02 14:36:37,709 [WARN] PackLoader:240 - Cannot read IP mode file for ITTIA_DB.I-CUBE-ITTIADB.8.8.0
2023-11-02 14:36:37,723 [WARN] ConditionMgr:438 - getConditionDescription Invalid condition id : UX DEVICE CLASS RTOS Condition cause : null
2023-11-02 14:36:37,723 [WARN] ConditionMgr:438 - getConditionDescription Invalid condition id : UX DEVICE CLASS RTOS Condition cause : null
2023-11-02 14:36:37,727 [WARN] PackLoader:240 - Cannot read IP mode file for STMicroelectronics.X-CUBE-AZRTOS-H7.3.1.0
2023-11-02 14:36:37,728 [WARN] ConditionMgr:1039 - genDependencies : Invalid condition id : UX DEVICE CLASS RTOS Condition cause : null
2023-11-02 14:36:37,729 [WARN] ConditionMgr:1039 - genDependencies : Invalid condition id : UX DEVICE CLASS RTOS Condition cause : null
2023-11-02 14:36:37,730 [WARN] ConditionMgr:1039 - genDependencies : Invalid condition id : UX DEVICE CLASS RTOS Condition cause : null
2023-11-02 14:36:37,730 [WARN] ConditionMgr:1039 - genDependencies : Invalid condition id : UX DEVICE CLASS RTOS Condition cause : null
2023-11-02 14:36:37,731 [WARN] ConditionMgr:1039 - genDependencies : Invalid condition id : UX DEVICE CLASS RTOS Condition cause : null
2023-11-02 14:36:37,736 [WARN] PackLoader:240 - Cannot read IP mode file for STMicroelectronics.X-CUBE-NFC7.1.0.1
2023-11-02 14:36:37,743 [WARN] PackLoader:240 - Cannot read IP mode file for STMicroelectronics.X-CUBE-NFC6.3.0.0
2023-11-02 14:36:37,747 [WARN] PackLoader:240 - Cannot read IP mode file for STMicroelectronics.X-CUBE-AI.8.1.0
2023-11-02 14:36:37,761 [WARN] ConditionMgr:438 - getConditionDescription Invalid condition id : LAN8742 Phy interface Condition cause : null
2023-11-02 14:36:37,762 [WARN] PackLoader:240 - Cannot read IP mode file for STMicroelectronics.X-CUBE-AZRTOS-L4.2.0.0
2023-11-02 14:36:37,763 [WARN] ConditionMgr:1039 - genDependencies : Invalid condition id : LAN8742 Phy interface Condition cause : null
2023-11-02 14:36:37,764 [WARN] ConditionMgr:1039 - genDependencies : Invalid condition id : LAN8742 Phy interface Condition cause : null
2023-11-02 14:36:37,765 [WARN] ConditionMgr:1039 - genDependencies : Invalid condition id : LAN8742 Phy interface Condition cause : null
2023-11-02 14:36:37,771 [WARN] PackLoader:240 - Cannot read IP mode file for STMicroelectronics.X-CUBE-SFXS2LP1.4.0.0
2023-11-02 14:36:37,776 [WARN] PackLoader:240 - Cannot read IP mode file for STMicroelectronics.X-CUBE-ISPU.1.1.0
2023-11-02 14:36:37,813 [WARN] ConditionMgr:438 - getConditionDescription Invalid condition id : UX DEVICE CLASS RTOS Condition cause : null
2023-11-02 14:36:37,814 [WARN] ConditionMgr:438 - getConditionDescription Invalid condition id : UX DEVICE CLASS RTOS Condition cause : null
2023-11-02 14:36:37,816 [WARN] PackLoader:240 - Cannot read IP mode file for STMicroelectronics.X-CUBE-AZRTOS-WB.2.0.0
2023-11-02 14:36:37,817 [WARN] ConditionMgr:1039 - genDependencies : Invalid condition id : UX DEVICE CLASS RTOS Condition cause : null
2023-11-02 14:36:37,817 [WARN] ConditionMgr:1039 - genDependencies : Invalid condition id : UX DEVICE CLASS RTOS Condition cause : null
2023-11-02 14:36:37,818 [WARN] ConditionMgr:1039 - genDependencies : Invalid condition id : UX DEVICE CLASS RTOS Condition cause : null
2023-11-02 14:36:37,819 [WARN] ConditionMgr:1039 - genDependencies : Invalid condition id : UX DEVICE CLASS RTOS Condition cause : null
2023-11-02 14:36:37,819 [WARN] ConditionMgr:1039 - genDependencies : Invalid condition id : UX DEVICE CLASS RTOS Condition cause : null
2023-11-02 14:36:37,828 [WARN] PackLoader:240 - Cannot read IP mode file for STMicroelectronics.X-CUBE-SUBG2.5.0.0
2023-11-02 14:36:37,840 [WARN] PackLoader:240 - Cannot read IP mode file for STMicroelectronics.X-CUBE-TOF1.3.3.1
2023-11-02 14:36:37,860 [WARN] PackLoader:240 - Cannot read IP mode file for STMicroelectronics.X-CUBE-AZRTOS-G4.2.0.0
2023-11-02 14:36:37,871 [WARN] PackLoader:240 - Cannot read IP mode file for Infineon.AIROC-Wi-Fi-Bluetooth-STM32.1.5.1
2023-11-02 14:36:37,903 [WARN] PackLoader:240 - Cannot read IP mode file for STMicroelectronics.X-CUBE-MEMS1.10.0.0
2023-11-02 14:36:38,123 [WARN] PackLoader:240 - Cannot read IP mode file for STMicroelectronics.X-CUBE-FREERTOS.1.1.0
2023-11-02 14:36:38,127 [WARN] PackLoader:240 - Cannot read IP mode file for portGmbH.I-Cube-SoM-uGOAL.1.1.0
2023-11-02 14:36:38,131 [WARN] PackLoader:240 - Cannot read IP mode file for STMicroelectronics.X-CUBE-ALS.1.0.1
2023-11-02 14:36:38,135 [WARN] PackLoader:240 - Cannot read IP mode file for STMicroelectronics.FP-ATR-ASTRA1.2.0.0
2023-11-02 14:36:38,136 [INFO] ThirdParty:978 - Integrity check success = true
2023-11-02 14:36:38,137 [INFO] IntegrityCheckThread:100 - exiting critical section [integrity check]
2023-11-02 14:36:38,137 [INFO] IntegrityCheckThread:103 - End integrity checks thread
2023-11-02 14:36:39,001 [INFO] McuFinderGlobals:63 - Set McuFinder mode to 2 (CubeIDE integrated)
2023-11-02 14:36:39,001 [INFO] UserAuth:179 - activating auth plugin
2023-11-02 14:36:39,003 [INFO] UserAuth:393 - Internet connection configuration mode: 1
2023-11-02 14:37:50,208 [INFO] WebApp:588 - userauth.ini deleted or not created
